2022-02-19 00:23:53 error: [POST] /signup >> StatusCode:: 500, Message:: (0 , class_transformer_1.plainToClass) is not a function
2022-02-19 00:28:34 error: [POST] /signup >> StatusCode:: 500, Message:: (0 , class_transformer_1.plainToClass) is not a function
2022-02-19 00:29:07 error: [POST] /signup >> StatusCode:: 500, Message:: (0 , class_transformer_1.plainToClass) is not a function
2022-02-19 00:29:20 error: [POST] /signup >> StatusCode:: 500, Message:: (0 , class_transformer_1.plainToClass) is not a function
2022-02-19 00:30:08 error: [POST] /signup >> StatusCode:: 500, Message:: (0 , class_transformer_1.plainToClass) is not a function
2022-02-19 00:30:24 error: [POST] /signup >> StatusCode:: 500, Message:: (0 , class_transformer_1.plainToClass) is not a function
2022-02-19 00:31:50 error: [POST] /signup >> StatusCode:: 500, Mesage:: (0 , class_transformer_1.plainToClass) is not a function
2022-02-19 00:57:08 error: [POST] /login >> StatusCode:: 409, Message:: You're password not matching
2022-02-19 00:57:18 error: [POST] /login >> StatusCode:: 400, Message:: email must be an email
2022-02-19 00:57:28 error: [POST] /login >> StatusCode:: 409, Message:: You're email test@test.rue not found
2022-02-19 00:59:18 error: [POST] /logout >> StatusCode:: 404, Message:: Authentication token missing
2022-02-19 00:59:27 error: [POST] /logout >> StatusCode:: 404, Message:: Authentication token missing
2022-02-19 01:00:33 error: [POST] /logout >> StatusCode:: 404, Message:: Authentication token missing
2022-02-19 01:03:57 error: [POST] /logout >> StatusCode:: 404, Message:: Authentication token missing
2022-02-19 01:04:03 error: [POST] /logout >> StatusCode:: 404, Message:: Authentication token missing
2022-02-19 01:10:14 error: uncaughtException: Missing initializer in const declaration
D:\back_project\src\services\users.service.ts:8
const notFounUser;
      ^^^^^^^^^^^

SyntaxError: Missing initializer in const declaration
    at wrapSafe (internal/modules/cjs/loader.js:1001:16)
    at Module._compile (internal/modules/cjs/loader.js:1049:27)
    at Module.m._compile (D:\back_project\node_modules\ts-node\src\index.ts:1459:23)
    at Module._extensions..js (internal/modules/cjs/loader.js:1114:10)
    at Object.require.extensions.<computed> [as .ts] (D:\back_project\node_modules\ts-node\src\index.ts:1462:12)
    at Module.load (internal/modules/cjs/loader.js:950:32)
    at Function.Module._load (internal/modules/cjs/loader.js:790:14)
    at Module.require (internal/modules/cjs/loader.js:974:19)
    at require (internal/modules/cjs/helpers.js:92:18)
    at Object.<anonymous> (D:\back_project\src\controllers\users.controller.ts:4:1)
    at Module._compile (internal/modules/cjs/loader.js:1085:14)
    at Module.m._compile (D:\back_project\node_modules\ts-node\src\index.ts:1459:23)
    at Module._extensions..js (internal/modules/cjs/loader.js:1114:10)
    at Object.require.extensions.<computed> [as .ts] (D:\back_project\node_modules\ts-node\src\index.ts:1462:12)
    at Module.load (internal/modules/cjs/loader.js:950:32)
    at Function.Module._load (internal/modules/cjs/loader.js:790:14)
2022-02-19 01:16:25 error: uncaughtException: тип Unable to compile TypeScript:
[96msrc/services/users.service.ts[0m:[93m8[0m:[93m39[0m - [91merror[0m[90m TS1005: [0m'(' expected.

[7m8[0m function checkingCompletenessUserData async (userData: any) {
[7m [0m [91m                                      ~~~~~[0m
[96msrc/services/users.service.ts[0m:[93m8[0m:[93m61[0m - [91merror[0m[90m TS1005: [0m'=>' expected.

[7m8[0m function checkingCompletenessUserData async (userData: any) {
[7m [0m [91m                                                            ~[0m

TSError: тип Unable to compile TypeScript:
[96msrc/services/users.service.ts[0m:[93m8[0m:[93m39[0m - [91merror[0m[90m TS1005: [0m'(' expected.

[7m8[0m function checkingCompletenessUserData async (userData: any) {
[7m [0m [91m                                      ~~~~~[0m
[96msrc/services/users.service.ts[0m:[93m8[0m:[93m61[0m - [91merror[0m[90m TS1005: [0m'=>' expected.

[7m8[0m function checkingCompletenessUserData async (userData: any) {
[7m [0m [91m                                                            ~[0m

    at createTSError (D:\back_project\node_modules\ts-node\src\index.ts:828:12)
    at reportTSError (D:\back_project\node_modules\ts-node\src\index.ts:832:19)
    at D:\back_project\node_modules\ts-node\src\index.ts:1299:34
    at Object.compile (D:\back_project\node_modules\ts-node\src\index.ts:1326:43)
    at Module.m._compile (D:\back_project\node_modules\ts-node\src\index.ts:1458:30)
    at Module._extensions..js (internal/modules/cjs/loader.js:1114:10)
    at Object.require.extensions.<computed> [as .ts] (D:\back_project\node_modules\ts-node\src\index.ts:1462:12)
    at Module.load (internal/modules/cjs/loader.js:950:32)
    at Function.Module._load (internal/modules/cjs/loader.js:790:14)
    at Module.require (internal/modules/cjs/loader.js:974:19)
    at require (internal/modules/cjs/helpers.js:92:18)
    at Object.<anonymous> (D:\back_project\src\controllers\users.controller.ts:4:1)
    at Module._compile (internal/modules/cjs/loader.js:1085:14)
    at Module.m._compile (D:\back_project\node_modules\ts-node\src\index.ts:1459:23)
    at Module._extensions..js (internal/modules/cjs/loader.js:1114:10)
    at Object.require.extensions.<computed> [as .ts] (D:\back_project\node_modules\ts-node\src\index.ts:1462:12)
2022-02-19 01:23:51 error: [POST] /users >> StatusCode:: 409, Message:: You're email test@test.ru already exists
2022-02-19 01:24:32 error: [POST] /users >> StatusCode:: 409, Message:: You're email test@test.ru already exists
2022-02-19 01:25:24 error: [POST] /login >> StatusCode:: 409, Message:: You're email test2@test.ru not found
2022-02-19 01:26:42 error: [POST] /users >> StatusCode:: 409, Message:: You're email test@test.ru already exists
2022-02-19 01:27:25 error: [POST] /users >> StatusCode:: 409, Message:: You're email test@test.ru already exists
2022-02-19 01:27:29 error: [POST] /signup >> StatusCode:: 409, Message:: You're email test@test.ru already exists
2022-02-19 01:27:34 error: [POST] /users >> StatusCode:: 409, Message:: You're email test@test.ru already exists
2022-02-19 01:27:41 error: [POST] /users >> StatusCode:: 409, Message:: You're email test@test.ru already exists
2022-02-19 01:27:55 error: [POST] /signup >> StatusCode:: 409, Message:: You're email test@test.ru already exists
2022-02-19 01:28:46 error: [POST] /users >> StatusCode:: 409, Message:: You're email test@test.ru already exists
2022-02-19 01:28:55 error: [POST] /logout >> StatusCode:: 404, Message:: Authentication token missing
2022-02-19 01:29:00 error: [POST] /users >> StatusCode:: 409, Message:: You're email test@test.ru already exists
2022-02-19 01:29:14 error: [POST] /users >> StatusCode:: 409, Message:: You're email test@test.ru already exists
2022-02-19 01:29:45 error: [POST] /logout >> StatusCode:: 404, Message:: Authentication token missing
2022-02-19 01:29:46 error: [POST] /logout >> StatusCode:: 404, Message:: Authentication token missing
2022-02-19 01:30:01 error: [POST] /users >> StatusCode:: 400, Message:: email must be an email, password must be a string
2022-02-19 01:30:11 error: [POST] /users >> StatusCode:: 400, Message:: email must be an email, password must be a string
2022-02-19 01:30:27 error: [POST] /users >> StatusCode:: 409, Message:: You're email test@test.ru already exists
2022-02-19 01:32:41 error: [POST] /users >> StatusCode:: 400, Message:: email must be an email, password must be a string
2022-02-19 01:32:54 error: [POST] /users >> StatusCode:: 400, Message:: email must be an email, password must be a string
2022-02-19 01:33:08 error: [POST] /users >> StatusCode:: 400, Message:: email must be an email, password must be a string
2022-02-19 01:38:09 error: [POST] /users >> StatusCode:: 400, Message:: property id should not exist, password must be a string
2022-02-19 01:38:22 error: [POST] /users >> StatusCode:: 400, Message:: Unexpected token  in JSON at position 40
2022-02-19 01:38:36 error: [POST] /users >> StatusCode:: 400, Message:: password must be a string
2022-02-19 01:39:16 error: [POST] /users >> StatusCode:: 409, Message:: You're email test10@test.ru already exists
2022-02-19 01:41:02 error: [POST] /users >> StatusCode:: 400, Message:: property id should not exist, email must be an email, password must be a string
2022-02-19 01:51:47 error: [DELETE] /users >> StatusCode:: 400, Message:: Unexpected token } in JSON at position 87
2022-02-19 01:57:15 error: [POST] /users >> StatusCode:: 409, Message:: You're email test@test.ru already exists
2022-02-19 02:17:35 error: [GET] /users/del >> StatusCode:: 500, Message:: Cast to ObjectId failed for value "del" (type string) at path "_id" for model "User"
2022-02-19 02:19:04 error: [GET] /users/del >> StatusCode:: 500, Message:: Cast to ObjectId failed for value "del" (type string) at path "_id" for model "User"
2022-02-19 02:19:28 error: [GET] /users/del >> StatusCode:: 500, Message:: Cast to ObjectId failed for value "del" (type string) at path "_id" for model "User"
2022-02-19 02:30:37 error: [POST] /signup >> StatusCode:: 409, Message:: You're email test4@test.ru already exists
2022-02-19 02:47:37 error: [DELETE] /delete >> StatusCode:: 409, Message:: You're not user
2022-02-19 02:47:49 error: [DELETE] /delete >> StatusCode:: 409, Message:: You're not user
2022-02-19 03:01:50 error: [POST] /login >> StatusCode:: 409, Message:: You're email test@test.ru not found
2022-02-19 03:02:21 error: [POST] /login >> StatusCode:: 409, Message:: You're email test144@test.ru not found
2022-02-19 03:04:09 error: [DELETE] /users >> StatusCode:: 409, Message:: You're not user
2022-02-19 03:47:49 error: [GET] /users/62101d07dce90a37cc6fb414 >> StatusCode:: 409, Message:: You're not user
2022-02-19 03:48:25 error: [POST] /login >> StatusCode:: 409, Message:: You're email test2@test.ru not found
2022-02-19 04:02:15 error: [POST] /signup >> StatusCode:: 400, Message:: Unexpected token , in JSON at position 73
2022-02-19 04:03:04 error: [POST] /signup >> StatusCode:: 400, Message:: property name should not exist, property avatar should not exist
2022-02-19 04:37:50 error: [POST] /signup >> StatusCode:: 409, Message:: You're email example@email.com already exists
2022-02-19 04:56:21 error: [GET] /users/1 >> StatusCode:: 500, Message:: Cast to ObjectId failed for value "1" (type string) at path "_id" for model "User"
2022-02-19 04:56:35 error: [GET] /users/1 >> StatusCode:: 500, Message:: Cast to ObjectId failed for value "1" (type string) at path "_id" for model "User"
2022-02-19 04:59:20 error: [PUT] /users/1 >> StatusCode:: 409, Message:: You're email example@email.com already exists
2022-02-19 04:59:44 error: [DELETE] /users/1 >> StatusCode:: 500, Message:: Cast to ObjectId failed for value "1" (type string) at path "_id" for model "User"
2022-02-19 05:00:50 error: [POST] /signup >> StatusCode:: 409, Message:: You're email example@email.com already exists
2022-02-19 05:01:16 error: [POST] /login >> StatusCode:: 400, Message:: avatar must be a string, name must be a string
2022-02-19 05:03:07 error: [GET] /users/62101d07dce90a37cc6fb414 >> StatusCode:: 409, Message:: You're not user
2022-02-19 05:04:05 error: [GET] /users/621014c9fc225646bc210d95 >> StatusCode:: 409, Message:: You're not user
2022-02-19 05:16:10 error: uncaughtException: You are trying to attach socket.io to an express request handler function. Please pass a http.Server instance.
Error: You are trying to attach socket.io to an express request handler function. Please pass a http.Server instance.
    at Server.attach (D:\back_project\node_modules\socket.io\dist\index.js:163:19)
    at new Server (D:\back_project\node_modules\socket.io\dist\index.js:71:18)
    at Object.<anonymous> (D:\back_project\src\server.ts:12:12)
    at Module._compile (internal/modules/cjs/loader.js:1085:14)
    at Module.m._compile (D:\back_project\node_modules\ts-node\src\index.ts:1459:23)
    at Module._extensions..js (internal/modules/cjs/loader.js:1114:10)
    at Object.require.extensions.<computed> [as .ts] (D:\back_project\node_modules\ts-node\src\index.ts:1462:12)
    at Module.load (internal/modules/cjs/loader.js:950:32)
    at Function.Module._load (internal/modules/cjs/loader.js:790:14)
    at Function.executeUserEntryPoint [as runMain] (internal/modules/run_main.js:76:12)
    at main (D:\back_project\node_modules\ts-node\src\bin.ts:389:12)
    at Object.<anonymous> (D:\back_project\node_modules\ts-node\src\bin.ts:539:3)
    at Module._compile (internal/modules/cjs/loader.js:1085:14)
    at Object.Module._extensions..js (internal/modules/cjs/loader.js:1114:10)
    at Module.load (internal/modules/cjs/loader.js:950:32)
    at Function.Module._load (internal/modules/cjs/loader.js:790:14)
2022-02-19 05:17:04 error: uncaughtException: You are trying to attach socket.io to an express request handler function. Please pass a http.Server instance.
Error: You are trying to attach socket.io to an express request handler function. Please pass a http.Server instance.
    at Server.attach (D:\back_project\node_modules\socket.io\dist\index.js:163:19)
    at new Server (D:\back_project\node_modules\socket.io\dist\index.js:71:18)
    at Object.<anonymous> (D:\back_project\src\server.ts:12:12)
    at Module._compile (internal/modules/cjs/loader.js:1085:14)
    at Module.m._compile (D:\back_project\node_modules\ts-node\src\index.ts:1459:23)
    at Module._extensions..js (internal/modules/cjs/loader.js:1114:10)
    at Object.require.extensions.<computed> [as .ts] (D:\back_project\node_modules\ts-node\src\index.ts:1462:12)
    at Module.load (internal/modules/cjs/loader.js:950:32)
    at Function.Module._load (internal/modules/cjs/loader.js:790:14)
    at Function.executeUserEntryPoint [as runMain] (internal/modules/run_main.js:76:12)
    at main (D:\back_project\node_modules\ts-node\src\bin.ts:389:12)
    at Object.<anonymous> (D:\back_project\node_modules\ts-node\src\bin.ts:539:3)
    at Module._compile (internal/modules/cjs/loader.js:1085:14)
    at Object.Module._extensions..js (internal/modules/cjs/loader.js:1114:10)
    at Module.load (internal/modules/cjs/loader.js:950:32)
    at Function.Module._load (internal/modules/cjs/loader.js:790:14)
2022-02-19 05:28:52 error: uncaughtException: Cannot access 'http' before initialization
ReferenceError: Cannot access 'http' before initialization
    at Object.<anonymous> (D:\back_project\src\app.ts:18:22)
    at Module._compile (internal/modules/cjs/loader.js:1085:14)
    at Module.m._compile (D:\back_project\node_modules\ts-node\src\index.ts:1459:23)
    at Module._extensions..js (internal/modules/cjs/loader.js:1114:10)
    at Object.require.extensions.<computed> [as .ts] (D:\back_project\node_modules\ts-node\src\index.ts:1462:12)
    at Module.load (internal/modules/cjs/loader.js:950:32)
    at Function.Module._load (internal/modules/cjs/loader.js:790:14)
    at Module.require (internal/modules/cjs/loader.js:974:19)
    at require (internal/modules/cjs/helpers.js:92:18)
    at Object.<anonymous> (D:\back_project\src\server.ts:1:1)
    at Module._compile (internal/modules/cjs/loader.js:1085:14)
    at Module.m._compile (D:\back_project\node_modules\ts-node\src\index.ts:1459:23)
    at Module._extensions..js (internal/modules/cjs/loader.js:1114:10)
    at Object.require.extensions.<computed> [as .ts] (D:\back_project\node_modules\ts-node\src\index.ts:1462:12)
    at Module.load (internal/modules/cjs/loader.js:950:32)
    at Function.Module._load (internal/modules/cjs/loader.js:790:14)
2022-02-19 05:37:32 error: uncaughtException: The "listener" argument must be of type function. Received undefined
TypeError [ERR_INVALID_ARG_TYPE]: The "listener" argument must be of type function. Received undefined
    at checkListener (events.js:130:11)
    at _addListener (events.js:408:3)
    at Namespace.addListener (events.js:466:10)
    at Namespace.on (D:\back_project\node_modules\socket.io\dist\typed-events.js:26:22)
    at Server.<computed> [as on] (D:\back_project\node_modules\socket.io\dist\index.js:576:33)
    at Object.<anonymous> (D:\back_project\src\server.ts:11:4)
    at Module._compile (internal/modules/cjs/loader.js:1085:14)
    at Module.m._compile (D:\back_project\node_modules\ts-node\src\index.ts:1459:23)
    at Module._extensions..js (internal/modules/cjs/loader.js:1114:10)
    at Object.require.extensions.<computed> [as .ts] (D:\back_project\node_modules\ts-node\src\index.ts:1462:12)
    at Module.load (internal/modules/cjs/loader.js:950:32)
    at Function.Module._load (internal/modules/cjs/loader.js:790:14)
    at Function.executeUserEntryPoint [as runMain] (internal/modules/run_main.js:76:12)
    at main (D:\back_project\node_modules\ts-node\src\bin.ts:389:12)
    at Object.<anonymous> (D:\back_project\node_modules\ts-node\src\bin.ts:539:3)
    at Module._compile (internal/modules/cjs/loader.js:1085:14)
2022-02-19 05:38:29 error: uncaughtException: listen EADDRINUSE: address already in use :::3009
Error: listen EADDRINUSE: address already in use :::3009
    at Server.setupListenHandle [as _listen2] (net.js:1320:16)
    at listenInCluster (net.js:1368:12)
    at Server.listen (net.js:1454:7)
    at Function.listen (D:\back_project\node_modules\express\lib\application.js:618:24)
    at App.listen (D:\back_project\src\app.ts:36:14)
    at Object.<anonymous> (D:\back_project\src\server.ts:28:5)
    at Module._compile (internal/modules/cjs/loader.js:1085:14)
    at Module.m._compile (D:\back_project\node_modules\ts-node\src\index.ts:1459:23)
    at Module._extensions..js (internal/modules/cjs/loader.js:1114:10)
    at Object.require.extensions.<computed> [as .ts] (D:\back_project\node_modules\ts-node\src\index.ts:1462:12)
    at Module.load (internal/modules/cjs/loader.js:950:32)
    at Function.Module._load (internal/modules/cjs/loader.js:790:14)
    at Function.executeUserEntryPoint [as runMain] (internal/modules/run_main.js:76:12)
    at main (D:\back_project\node_modules\ts-node\src\bin.ts:389:12)
    at Object.<anonymous> (D:\back_project\node_modules\ts-node\src\bin.ts:539:3)
    at Module._compile (internal/modules/cjs/loader.js:1085:14)
2022-02-19 05:38:54 error: uncaughtException: listen EADDRINUSE: address already in use :::3009
Error: listen EADDRINUSE: address already in use :::3009
    at Server.setupListenHandle [as _listen2] (net.js:1320:16)
    at listenInCluster (net.js:1368:12)
    at Server.listen (net.js:1454:7)
    at Function.listen (D:\back_project\node_modules\express\lib\application.js:618:24)
    at App.listen (D:\back_project\src\app.ts:36:14)
    at Object.<anonymous> (D:\back_project\src\server.ts:28:5)
    at Module._compile (internal/modules/cjs/loader.js:1085:14)
    at Module.m._compile (D:\back_project\node_modules\ts-node\src\index.ts:1459:23)
    at Module._extensions..js (internal/modules/cjs/loader.js:1114:10)
    at Object.require.extensions.<computed> [as .ts] (D:\back_project\node_modules\ts-node\src\index.ts:1462:12)
    at Module.load (internal/modules/cjs/loader.js:950:32)
    at Function.Module._load (internal/modules/cjs/loader.js:790:14)
    at Function.executeUserEntryPoint [as runMain] (internal/modules/run_main.js:76:12)
    at main (D:\back_project\node_modules\ts-node\src\bin.ts:389:12)
    at Object.<anonymous> (D:\back_project\node_modules\ts-node\src\bin.ts:539:3)
    at Module._compile (internal/modules/cjs/loader.js:1085:14)
2022-02-19 05:39:33 error: uncaughtException: listen EADDRINUSE: address already in use :::3009
Error: listen EADDRINUSE: address already in use :::3009
    at Server.setupListenHandle [as _listen2] (net.js:1320:16)
    at listenInCluster (net.js:1368:12)
    at Server.listen (net.js:1454:7)
    at Function.listen (D:\back_project\node_modules\express\lib\application.js:618:24)
    at App.listen (D:\back_project\src\app.ts:36:14)
    at Object.<anonymous> (D:\back_project\src\server.ts:28:5)
    at Module._compile (internal/modules/cjs/loader.js:1085:14)
    at Module.m._compile (D:\back_project\node_modules\ts-node\src\index.ts:1459:23)
    at Module._extensions..js (internal/modules/cjs/loader.js:1114:10)
    at Object.require.extensions.<computed> [as .ts] (D:\back_project\node_modules\ts-node\src\index.ts:1462:12)
    at Module.load (internal/modules/cjs/loader.js:950:32)
    at Function.Module._load (internal/modules/cjs/loader.js:790:14)
    at Function.executeUserEntryPoint [as runMain] (internal/modules/run_main.js:76:12)
    at main (D:\back_project\node_modules\ts-node\src\bin.ts:389:12)
    at Object.<anonymous> (D:\back_project\node_modules\ts-node\src\bin.ts:539:3)
    at Module._compile (internal/modules/cjs/loader.js:1085:14)
2022-02-19 10:16:21 error: uncaughtException: v.replace is not a function
TypeError: v.replace is not a function
    at Server.path (D:\back_project\node_modules\socket.io\dist\index.js:118:24)
    at new Server (D:\back_project\node_modules\socket.io\dist\index.js:62:14)
    at Object.<anonymous> (D:\back_project\src\server.ts:13:22)
    at Module._compile (internal/modules/cjs/loader.js:1085:14)
    at Module.m._compile (D:\back_project\node_modules\ts-node\src\index.ts:1459:23)
    at Module._extensions..js (internal/modules/cjs/loader.js:1114:10)
    at Object.require.extensions.<computed> [as .ts] (D:\back_project\node_modules\ts-node\src\index.ts:1462:12)
    at Module.load (internal/modules/cjs/loader.js:950:32)
    at Function.Module._load (internal/modules/cjs/loader.js:790:14)
    at Function.executeUserEntryPoint [as runMain] (internal/modules/run_main.js:76:12)
    at main (D:\back_project\node_modules\ts-node\src\bin.ts:389:12)
    at Object.<anonymous> (D:\back_project\node_modules\ts-node\src\bin.ts:539:3)
    at Module._compile (internal/modules/cjs/loader.js:1085:14)
    at Object.Module._extensions..js (internal/modules/cjs/loader.js:1114:10)
    at Module.load (internal/modules/cjs/loader.js:950:32)
    at Function.Module._load (internal/modules/cjs/loader.js:790:14)
2022-02-19 10:22:10 error: uncaughtException: app.any is not a function
TypeError: app.any is not a function
    at uServer.attach (D:\back_project\node_modules\engine.io\build\userver.js:42:14)
    at Server.attachApp (D:\back_project\node_modules\socket.io\dist\index.js:193:16)
    at Object.<anonymous> (D:\back_project\src\server.ts:14:4)
    at Module._compile (internal/modules/cjs/loader.js:1085:14)
    at Module.m._compile (D:\back_project\node_modules\ts-node\src\index.ts:1459:23)
    at Module._extensions..js (internal/modules/cjs/loader.js:1114:10)
    at Object.require.extensions.<computed> [as .ts] (D:\back_project\node_modules\ts-node\src\index.ts:1462:12)
    at Module.load (internal/modules/cjs/loader.js:950:32)
    at Function.Module._load (internal/modules/cjs/loader.js:790:14)
    at Function.executeUserEntryPoint [as runMain] (internal/modules/run_main.js:76:12)
    at main (D:\back_project\node_modules\ts-node\src\bin.ts:389:12)
    at Object.<anonymous> (D:\back_project\node_modules\ts-node\src\bin.ts:539:3)
    at Module._compile (internal/modules/cjs/loader.js:1085:14)
    at Object.Module._extensions..js (internal/modules/cjs/loader.js:1114:10)
    at Module.load (internal/modules/cjs/loader.js:950:32)
    at Function.Module._load (internal/modules/cjs/loader.js:790:14)
2022-02-19 10:22:34 error: uncaughtException: app.any is not a function
TypeError: app.any is not a function
    at uServer.attach (D:\back_project\node_modules\engine.io\build\userver.js:42:14)
    at Server.attachApp (D:\back_project\node_modules\socket.io\dist\index.js:193:16)
    at Object.<anonymous> (D:\back_project\src\server.ts:15:4)
    at Module._compile (internal/modules/cjs/loader.js:1085:14)
    at Module.m._compile (D:\back_project\node_modules\ts-node\src\index.ts:1459:23)
    at Module._extensions..js (internal/modules/cjs/loader.js:1114:10)
    at Object.require.extensions.<computed> [as .ts] (D:\back_project\node_modules\ts-node\src\index.ts:1462:12)
    at Module.load (internal/modules/cjs/loader.js:950:32)
    at Function.Module._load (internal/modules/cjs/loader.js:790:14)
    at Function.executeUserEntryPoint [as runMain] (internal/modules/run_main.js:76:12)
    at main (D:\back_project\node_modules\ts-node\src\bin.ts:389:12)
    at Object.<anonymous> (D:\back_project\node_modules\ts-node\src\bin.ts:539:3)
    at Module._compile (internal/modules/cjs/loader.js:1085:14)
    at Object.Module._extensions..js (internal/modules/cjs/loader.js:1114:10)
    at Module.load (internal/modules/cjs/loader.js:950:32)
    at Function.Module._load (internal/modules/cjs/loader.js:790:14)
2022-02-19 10:24:14 error: uncaughtException: app.any is not a function
TypeError: app.any is not a function
    at uServer.attach (D:\back_project\node_modules\engine.io\build\userver.js:42:14)
    at Server.attachApp (D:\back_project\node_modules\socket.io\dist\index.js:193:16)
    at Object.<anonymous> (D:\back_project\src\server.ts:15:4)
    at Module._compile (internal/modules/cjs/loader.js:1085:14)
    at Module.m._compile (D:\back_project\node_modules\ts-node\src\index.ts:1459:23)
    at Module._extensions..js (internal/modules/cjs/loader.js:1114:10)
    at Object.require.extensions.<computed> [as .ts] (D:\back_project\node_modules\ts-node\src\index.ts:1462:12)
    at Module.load (internal/modules/cjs/loader.js:950:32)
    at Function.Module._load (internal/modules/cjs/loader.js:790:14)
    at Function.executeUserEntryPoint [as runMain] (internal/modules/run_main.js:76:12)
    at main (D:\back_project\node_modules\ts-node\src\bin.ts:389:12)
    at Object.<anonymous> (D:\back_project\node_modules\ts-node\src\bin.ts:539:3)
    at Module._compile (internal/modules/cjs/loader.js:1085:14)
    at Object.Module._extensions..js (internal/modules/cjs/loader.js:1114:10)
    at Module.load (internal/modules/cjs/loader.js:950:32)
    at Function.Module._load (internal/modules/cjs/loader.js:790:14)
2022-02-19 10:24:44 error: uncaughtException: app.any is not a function
TypeError: app.any is not a function
    at uServer.attach (D:\back_project\node_modules\engine.io\build\userver.js:42:14)
    at Server.attachApp (D:\back_project\node_modules\socket.io\dist\index.js:193:16)
    at Object.<anonymous> (D:\back_project\src\server.ts:14:4)
    at Module._compile (internal/modules/cjs/loader.js:1085:14)
    at Module.m._compile (D:\back_project\node_modules\ts-node\src\index.ts:1459:23)
    at Module._extensions..js (internal/modules/cjs/loader.js:1114:10)
    at Object.require.extensions.<computed> [as .ts] (D:\back_project\node_modules\ts-node\src\index.ts:1462:12)
    at Module.load (internal/modules/cjs/loader.js:950:32)
    at Function.Module._load (internal/modules/cjs/loader.js:790:14)
    at Function.executeUserEntryPoint [as runMain] (internal/modules/run_main.js:76:12)
    at main (D:\back_project\node_modules\ts-node\src\bin.ts:389:12)
    at Object.<anonymous> (D:\back_project\node_modules\ts-node\src\bin.ts:539:3)
    at Module._compile (internal/modules/cjs/loader.js:1085:14)
    at Object.Module._extensions..js (internal/modules/cjs/loader.js:1114:10)
    at Module.load (internal/modules/cjs/loader.js:950:32)
    at Function.Module._load (internal/modules/cjs/loader.js:790:14)
2022-02-19 10:27:34 error: uncaughtException: app.any is not a function
TypeError: app.any is not a function
    at uServer.attach (D:\back_project\node_modules\engine.io\build\userver.js:42:14)
    at Server.attachApp (D:\back_project\node_modules\socket.io\dist\index.js:193:16)
    at Object.<anonymous> (D:\back_project\src\server.ts:14:4)
    at Module._compile (internal/modules/cjs/loader.js:1085:14)
    at Module.m._compile (D:\back_project\node_modules\ts-node\src\index.ts:1459:23)
    at Module._extensions..js (internal/modules/cjs/loader.js:1114:10)
    at Object.require.extensions.<computed> [as .ts] (D:\back_project\node_modules\ts-node\src\index.ts:1462:12)
    at Module.load (internal/modules/cjs/loader.js:950:32)
    at Function.Module._load (internal/modules/cjs/loader.js:790:14)
    at Function.executeUserEntryPoint [as runMain] (internal/modules/run_main.js:76:12)
    at main (D:\back_project\node_modules\ts-node\src\bin.ts:389:12)
    at Object.<anonymous> (D:\back_project\node_modules\ts-node\src\bin.ts:539:3)
    at Module._compile (internal/modules/cjs/loader.js:1085:14)
    at Object.Module._extensions..js (internal/modules/cjs/loader.js:1114:10)
    at Module.load (internal/modules/cjs/loader.js:950:32)
    at Function.Module._load (internal/modules/cjs/loader.js:790:14)
2022-02-19 10:29:42 error: uncaughtException: app.any is not a function
TypeError: app.any is not a function
    at uServer.attach (D:\back_project\node_modules\engine.io\build\userver.js:42:14)
    at Server.attachApp (D:\back_project\node_modules\socket.io\dist\index.js:193:16)
    at Object.<anonymous> (D:\back_project\src\server.ts:14:4)
    at Module._compile (internal/modules/cjs/loader.js:1085:14)
    at Module.m._compile (D:\back_project\node_modules\ts-node\src\index.ts:1459:23)
    at Module._extensions..js (internal/modules/cjs/loader.js:1114:10)
    at Object.require.extensions.<computed> [as .ts] (D:\back_project\node_modules\ts-node\src\index.ts:1462:12)
    at Module.load (internal/modules/cjs/loader.js:950:32)
    at Function.Module._load (internal/modules/cjs/loader.js:790:14)
    at Function.executeUserEntryPoint [as runMain] (internal/modules/run_main.js:76:12)
    at main (D:\back_project\node_modules\ts-node\src\bin.ts:389:12)
    at Object.<anonymous> (D:\back_project\node_modules\ts-node\src\bin.ts:539:3)
    at Module._compile (internal/modules/cjs/loader.js:1085:14)
    at Object.Module._extensions..js (internal/modules/cjs/loader.js:1114:10)
    at Module.load (internal/modules/cjs/loader.js:950:32)
    at Function.Module._load (internal/modules/cjs/loader.js:790:14)
2022-02-19 10:31:02 error: uncaughtException: You are trying to attach socket.io to an express request handler function. Please pass a http.Server instance.
Error: You are trying to attach socket.io to an express request handler function. Please pass a http.Server instance.
    at Server.attach (D:\back_project\node_modules\socket.io\dist\index.js:163:19)
    at new Server (D:\back_project\node_modules\socket.io\dist\index.js:71:18)
    at Object.<anonymous> (D:\back_project\src\server.ts:12:12)
    at Module._compile (internal/modules/cjs/loader.js:1085:14)
    at Module.m._compile (D:\back_project\node_modules\ts-node\src\index.ts:1459:23)
    at Module._extensions..js (internal/modules/cjs/loader.js:1114:10)
    at Object.require.extensions.<computed> [as .ts] (D:\back_project\node_modules\ts-node\src\index.ts:1462:12)
    at Module.load (internal/modules/cjs/loader.js:950:32)
    at Function.Module._load (internal/modules/cjs/loader.js:790:14)
    at Function.executeUserEntryPoint [as runMain] (internal/modules/run_main.js:76:12)
    at main (D:\back_project\node_modules\ts-node\src\bin.ts:389:12)
    at Object.<anonymous> (D:\back_project\node_modules\ts-node\src\bin.ts:539:3)
    at Module._compile (internal/modules/cjs/loader.js:1085:14)
    at Object.Module._extensions..js (internal/modules/cjs/loader.js:1114:10)
    at Module.load (internal/modules/cjs/loader.js:950:32)
    at Function.Module._load (internal/modules/cjs/loader.js:790:14)
2022-02-19 10:31:08 error: uncaughtException: You are trying to attach socket.io to an express request handler function. Please pass a http.Server instance.
Error: You are trying to attach socket.io to an express request handler function. Please pass a http.Server instance.
    at Server.attach (D:\back_project\node_modules\socket.io\dist\index.js:163:19)
    at new Server (D:\back_project\node_modules\socket.io\dist\index.js:71:18)
    at Object.<anonymous> (D:\back_project\src\server.ts:13:12)
    at Module._compile (internal/modules/cjs/loader.js:1085:14)
    at Module.m._compile (D:\back_project\node_modules\ts-node\src\index.ts:1459:23)
    at Module._extensions..js (internal/modules/cjs/loader.js:1114:10)
    at Object.require.extensions.<computed> [as .ts] (D:\back_project\node_modules\ts-node\src\index.ts:1462:12)
    at Module.load (internal/modules/cjs/loader.js:950:32)
    at Function.Module._load (internal/modules/cjs/loader.js:790:14)
    at Function.executeUserEntryPoint [as runMain] (internal/modules/run_main.js:76:12)
    at main (D:\back_project\node_modules\ts-node\src\bin.ts:389:12)
    at Object.<anonymous> (D:\back_project\node_modules\ts-node\src\bin.ts:539:3)
    at Module._compile (internal/modules/cjs/loader.js:1085:14)
    at Object.Module._extensions..js (internal/modules/cjs/loader.js:1114:10)
    at Module.load (internal/modules/cjs/loader.js:950:32)
    at Function.Module._load (internal/modules/cjs/loader.js:790:14)
2022-02-19 10:31:14 error: uncaughtException: You are trying to attach socket.io to an express request handler function. Please pass a http.Server instance.
Error: You are trying to attach socket.io to an express request handler function. Please pass a http.Server instance.
    at Server.attach (D:\back_project\node_modules\socket.io\dist\index.js:163:19)
    at new Server (D:\back_project\node_modules\socket.io\dist\index.js:71:18)
    at Object.<anonymous> (D:\back_project\src\server.ts:14:12)
    at Module._compile (internal/modules/cjs/loader.js:1085:14)
    at Module.m._compile (D:\back_project\node_modules\ts-node\src\index.ts:1459:23)
    at Module._extensions..js (internal/modules/cjs/loader.js:1114:10)
    at Object.require.extensions.<computed> [as .ts] (D:\back_project\node_modules\ts-node\src\index.ts:1462:12)
    at Module.load (internal/modules/cjs/loader.js:950:32)
    at Function.Module._load (internal/modules/cjs/loader.js:790:14)
    at Function.executeUserEntryPoint [as runMain] (internal/modules/run_main.js:76:12)
    at main (D:\back_project\node_modules\ts-node\src\bin.ts:389:12)
    at Object.<anonymous> (D:\back_project\node_modules\ts-node\src\bin.ts:539:3)
    at Module._compile (internal/modules/cjs/loader.js:1085:14)
    at Object.Module._extensions..js (internal/modules/cjs/loader.js:1114:10)
    at Module.load (internal/modules/cjs/loader.js:950:32)
    at Function.Module._load (internal/modules/cjs/loader.js:790:14)
2022-02-19 10:47:11 error: uncaughtException: listen EADDRINUSE: address already in use :::3009
Error: listen EADDRINUSE: address already in use :::3009
    at Server.setupListenHandle [as _listen2] (net.js:1320:16)
    at listenInCluster (net.js:1368:12)
    at Server.listen (net.js:1454:7)
    at Server.attach (D:\back_project\node_modules\socket.io\dist\index.js:176:17)
    at Server.listen (D:\back_project\node_modules\socket.io\dist\index.js:149:21)
    at Object.<anonymous> (D:\back_project\src\server.ts:19:4)
    at Module._compile (internal/modules/cjs/loader.js:1085:14)
    at Module.m._compile (D:\back_project\node_modules\ts-node\src\index.ts:1459:23)
    at Module._extensions..js (internal/modules/cjs/loader.js:1114:10)
    at Object.require.extensions.<computed> [as .ts] (D:\back_project\node_modules\ts-node\src\index.ts:1462:12)
    at Module.load (internal/modules/cjs/loader.js:950:32)
    at Function.Module._load (internal/modules/cjs/loader.js:790:14)
    at Function.executeUserEntryPoint [as runMain] (internal/modules/run_main.js:76:12)
    at main (D:\back_project\node_modules\ts-node\src\bin.ts:389:12)
    at Object.<anonymous> (D:\back_project\node_modules\ts-node\src\bin.ts:539:3)
    at Module._compile (internal/modules/cjs/loader.js:1085:14)
2022-02-19 10:47:58 error: uncaughtException: listen EADDRINUSE: address already in use :::3009
Error: listen EADDRINUSE: address already in use :::3009
    at Server.setupListenHandle [as _listen2] (net.js:1320:16)
    at listenInCluster (net.js:1368:12)
    at Server.listen (net.js:1454:7)
    at Function.listen (D:\back_project\node_modules\express\lib\application.js:618:24)
    at App.listen (D:\back_project\src\app.ts:36:14)
    at Object.<anonymous> (D:\back_project\src\server.ts:18:5)
    at Module._compile (internal/modules/cjs/loader.js:1085:14)
    at Module.m._compile (D:\back_project\node_modules\ts-node\src\index.ts:1459:23)
    at Module._extensions..js (internal/modules/cjs/loader.js:1114:10)
    at Object.require.extensions.<computed> [as .ts] (D:\back_project\node_modules\ts-node\src\index.ts:1462:12)
    at Module.load (internal/modules/cjs/loader.js:950:32)
    at Function.Module._load (internal/modules/cjs/loader.js:790:14)
    at Function.executeUserEntryPoint [as runMain] (internal/modules/run_main.js:76:12)
    at main (D:\back_project\node_modules\ts-node\src\bin.ts:389:12)
    at Object.<anonymous> (D:\back_project\node_modules\ts-node\src\bin.ts:539:3)
    at Module._compile (internal/modules/cjs/loader.js:1085:14)
2022-02-19 10:48:25 error: uncaughtException: Cannot read property 'listeners' of undefined
TypeError: Cannot read property 'listeners' of undefined
    at Server.attach (D:\back_project\node_modules\engine.io\build\server.js:474:34)
    at attach (D:\back_project\node_modules\engine.io\build\engine.io.js:53:12)
    at Server.initEngine (D:\back_project\node_modules\socket.io\dist\index.js:243:43)
    at Server.attach (D:\back_project\node_modules\socket.io\dist\index.js:182:14)
    at Server.listen (D:\back_project\node_modules\socket.io\dist\index.js:149:21)
    at Object.<anonymous> (D:\back_project\src\server.ts:19:4)
    at Module._compile (internal/modules/cjs/loader.js:1085:14)
    at Module.m._compile (D:\back_project\node_modules\ts-node\src\index.ts:1459:23)
    at Module._extensions..js (internal/modules/cjs/loader.js:1114:10)
    at Object.require.extensions.<computed> [as .ts] (D:\back_project\node_modules\ts-node\src\index.ts:1462:12)
    at Module.load (internal/modules/cjs/loader.js:950:32)
    at Function.Module._load (internal/modules/cjs/loader.js:790:14)
    at Function.executeUserEntryPoint [as runMain] (internal/modules/run_main.js:76:12)
    at main (D:\back_project\node_modules\ts-node\src\bin.ts:389:12)
    at Object.<anonymous> (D:\back_project\node_modules\ts-node\src\bin.ts:539:3)
    at Module._compile (internal/modules/cjs/loader.js:1085:14)
2022-02-19 10:52:09 error: uncaughtException: listen EADDRINUSE: address already in use :::3009
Error: listen EADDRINUSE: address already in use :::3009
    at Server.setupListenHandle [as _listen2] (net.js:1320:16)
    at listenInCluster (net.js:1368:12)
    at Server.listen (net.js:1454:7)
    at Function.listen (D:\back_project\node_modules\express\lib\application.js:618:24)
    at App.listen (D:\back_project\src\app.ts:36:14)
    at Object.<anonymous> (D:\back_project\src\server.ts:18:5)
    at Module._compile (internal/modules/cjs/loader.js:1085:14)
    at Module.m._compile (D:\back_project\node_modules\ts-node\src\index.ts:1459:23)
    at Module._extensions..js (internal/modules/cjs/loader.js:1114:10)
    at Object.require.extensions.<computed> [as .ts] (D:\back_project\node_modules\ts-node\src\index.ts:1462:12)
    at Module.load (internal/modules/cjs/loader.js:950:32)
    at Function.Module._load (internal/modules/cjs/loader.js:790:14)
    at Function.executeUserEntryPoint [as runMain] (internal/modules/run_main.js:76:12)
    at main (D:\back_project\node_modules\ts-node\src\bin.ts:389:12)
    at Object.<anonymous> (D:\back_project\node_modules\ts-node\src\bin.ts:539:3)
    at Module._compile (internal/modules/cjs/loader.js:1085:14)
2022-02-19 10:52:24 error: uncaughtException: listen EADDRINUSE: address already in use :::3009
Error: listen EADDRINUSE: address already in use :::3009
    at Server.setupListenHandle [as _listen2] (net.js:1320:16)
    at listenInCluster (net.js:1368:12)
    at Server.listen (net.js:1454:7)
    at Function.listen (D:\back_project\node_modules\express\lib\application.js:618:24)
    at App.listen (D:\back_project\src\app.ts:36:14)
    at Object.<anonymous> (D:\back_project\src\server.ts:18:5)
    at Module._compile (internal/modules/cjs/loader.js:1085:14)
    at Module.m._compile (D:\back_project\node_modules\ts-node\src\index.ts:1459:23)
    at Module._extensions..js (internal/modules/cjs/loader.js:1114:10)
    at Object.require.extensions.<computed> [as .ts] (D:\back_project\node_modules\ts-node\src\index.ts:1462:12)
    at Module.load (internal/modules/cjs/loader.js:950:32)
    at Function.Module._load (internal/modules/cjs/loader.js:790:14)
    at Function.executeUserEntryPoint [as runMain] (internal/modules/run_main.js:76:12)
    at main (D:\back_project\node_modules\ts-node\src\bin.ts:389:12)
    at Object.<anonymous> (D:\back_project\node_modules\ts-node\src\bin.ts:539:3)
    at Module._compile (internal/modules/cjs/loader.js:1085:14)
2022-02-19 10:53:23 error: uncaughtException: listen EADDRINUSE: address already in use :::3009
Error: listen EADDRINUSE: address already in use :::3009
    at Server.setupListenHandle [as _listen2] (net.js:1320:16)
    at listenInCluster (net.js:1368:12)
    at Server.listen (net.js:1454:7)
    at Function.listen (D:\back_project\node_modules\express\lib\application.js:618:24)
    at App.listen (D:\back_project\src\app.ts:36:14)
    at Object.<anonymous> (D:\back_project\src\server.ts:18:5)
    at Module._compile (internal/modules/cjs/loader.js:1085:14)
    at Module.m._compile (D:\back_project\node_modules\ts-node\src\index.ts:1459:23)
    at Module._extensions..js (internal/modules/cjs/loader.js:1114:10)
    at Object.require.extensions.<computed> [as .ts] (D:\back_project\node_modules\ts-node\src\index.ts:1462:12)
    at Module.load (internal/modules/cjs/loader.js:950:32)
    at Function.Module._load (internal/modules/cjs/loader.js:790:14)
    at Function.executeUserEntryPoint [as runMain] (internal/modules/run_main.js:76:12)
    at main (D:\back_project\node_modules\ts-node\src\bin.ts:389:12)
    at Object.<anonymous> (D:\back_project\node_modules\ts-node\src\bin.ts:539:3)
    at Module._compile (internal/modules/cjs/loader.js:1085:14)
2022-02-19 10:53:31 error: uncaughtException: listen EADDRINUSE: address already in use :::3009
Error: listen EADDRINUSE: address already in use :::3009
    at Server.setupListenHandle [as _listen2] (net.js:1320:16)
    at listenInCluster (net.js:1368:12)
    at Server.listen (net.js:1454:7)
    at Function.listen (D:\back_project\node_modules\express\lib\application.js:618:24)
    at App.listen (D:\back_project\src\app.ts:36:14)
    at Object.<anonymous> (D:\back_project\src\server.ts:18:5)
    at Module._compile (internal/modules/cjs/loader.js:1085:14)
    at Module.m._compile (D:\back_project\node_modules\ts-node\src\index.ts:1459:23)
    at Module._extensions..js (internal/modules/cjs/loader.js:1114:10)
    at Object.require.extensions.<computed> [as .ts] (D:\back_project\node_modules\ts-node\src\index.ts:1462:12)
    at Module.load (internal/modules/cjs/loader.js:950:32)
    at Function.Module._load (internal/modules/cjs/loader.js:790:14)
    at Function.executeUserEntryPoint [as runMain] (internal/modules/run_main.js:76:12)
    at main (D:\back_project\node_modules\ts-node\src\bin.ts:389:12)
    at Object.<anonymous> (D:\back_project\node_modules\ts-node\src\bin.ts:539:3)
    at Module._compile (internal/modules/cjs/loader.js:1085:14)
2022-02-19 10:55:56 error: uncaughtException: Class constructor Server cannot be invoked without 'new'
TypeError: Class constructor Server cannot be invoked without 'new'
    at Object.<anonymous> (D:\back_project\src\server.ts:12:18)
    at Module._compile (internal/modules/cjs/loader.js:1085:14)
    at Module.m._compile (D:\back_project\node_modules\ts-node\src\index.ts:1459:23)
    at Module._extensions..js (internal/modules/cjs/loader.js:1114:10)
    at Object.require.extensions.<computed> [as .ts] (D:\back_project\node_modules\ts-node\src\index.ts:1462:12)
    at Module.load (internal/modules/cjs/loader.js:950:32)
    at Function.Module._load (internal/modules/cjs/loader.js:790:14)
    at Function.executeUserEntryPoint [as runMain] (internal/modules/run_main.js:76:12)
    at main (D:\back_project\node_modules\ts-node\src\bin.ts:389:12)
    at Object.<anonymous> (D:\back_project\node_modules\ts-node\src\bin.ts:539:3)
    at Module._compile (internal/modules/cjs/loader.js:1085:14)
    at Object.Module._extensions..js (internal/modules/cjs/loader.js:1114:10)
    at Module.load (internal/modules/cjs/loader.js:950:32)
    at Function.Module._load (internal/modules/cjs/loader.js:790:14)
    at Function.executeUserEntryPoint [as runMain] (internal/modules/run_main.js:76:12)
    at internal/main/run_main_module.js:17:47
2022-02-19 10:57:47 error: uncaughtException: this.connectToSocketIo is not a function
TypeError: this.connectToSocketIo is not a function
    at new App (D:\back_project\src\app.ts:27:10)
    at Object.<anonymous> (D:\back_project\src\server.ts:9:13)
    at Module._compile (internal/modules/cjs/loader.js:1085:14)
    at Module.m._compile (D:\back_project\node_modules\ts-node\src\index.ts:1459:23)
    at Module._extensions..js (internal/modules/cjs/loader.js:1114:10)
    at Object.require.extensions.<computed> [as .ts] (D:\back_project\node_modules\ts-node\src\index.ts:1462:12)
    at Module.load (internal/modules/cjs/loader.js:950:32)
    at Function.Module._load (internal/modules/cjs/loader.js:790:14)
    at Function.executeUserEntryPoint [as runMain] (internal/modules/run_main.js:76:12)
    at main (D:\back_project\node_modules\ts-node\src\bin.ts:389:12)
    at Object.<anonymous> (D:\back_project\node_modules\ts-node\src\bin.ts:539:3)
    at Module._compile (internal/modules/cjs/loader.js:1085:14)
    at Object.Module._extensions..js (internal/modules/cjs/loader.js:1114:10)
    at Module.load (internal/modules/cjs/loader.js:950:32)
    at Function.Module._load (internal/modules/cjs/loader.js:790:14)
    at Function.executeUserEntryPoint [as runMain] (internal/modules/run_main.js:76:12)
