2022-02-18 18:52:13 info: =================================
2022-02-18 18:52:13 info: ======= ENV: development =======
2022-02-18 18:52:13 info: 🚀 App listening on the port 3000
2022-02-18 18:52:13 info: =================================
2022-02-18 18:52:38 info: [0mGET / [32m200[0m 5.503 ms - 2[0m
2022-02-18 18:52:38 info: [0mGET /favicon.ico [33m404[0m 1.754 ms - 150[0m
2022-02-18 19:16:28 info: [0mGET / [36m304[0m 0.949 ms - -[0m
2022-02-18 19:17:39 info: =================================
2022-02-18 19:17:39 info: ======= ENV: development =======
2022-02-18 19:17:39 info: 🚀 App listening on the port 3009
2022-02-18 19:17:39 info: =================================
2022-02-18 19:18:03 info: [0mGET / [32m200[0m 4.295 ms - 2[0m
2022-02-18 19:18:03 info: [0mGET /favicon.ico [33m404[0m 1.535 ms - 150[0m
2022-02-18 19:28:09 info: =================================
2022-02-18 19:28:09 info: ======= ENV: development =======
2022-02-18 19:28:09 info: 🚀 App listening on the port 3009
2022-02-18 19:28:09 info: =================================
2022-02-18 19:52:38 info: [0mGET /favicon.ico [33m404[0m 3.456 ms - 150[0m
2022-02-18 20:13:01 info: [0mGET / [36m304[0m 2.726 ms - -[0m
2022-02-18 20:13:11 info: [0mGET / [36m304[0m 0.864 ms - -[0m
2022-02-18 20:13:22 info: [0mGET / [36m304[0m 0.492 ms - -[0m
2022-02-18 20:13:51 info: [0mGET / [36m304[0m 0.679 ms - -[0m
2022-02-18 20:14:34 info: [0mGET / [36m304[0m 0.584 ms - -[0m
2022-02-18 20:14:36 info: [0mGET / [36m304[0m 0.402 ms - -[0m
2022-02-18 20:14:37 info: [0mGET / [36m304[0m 0.474 ms - -[0m
2022-02-18 20:14:37 info: [0mGET / [36m304[0m 1.248 ms - -[0m
2022-02-18 20:14:49 info: [0mGET / [36m304[0m 0.594 ms - -[0m
2022-02-18 20:15:45 info: [0mGET / [32m200[0m 0.941 ms - 2[0m
2022-02-18 20:15:45 info: [0mGET /favicon.ico [33m404[0m 0.917 ms - 150[0m
2022-02-18 20:20:30 info: [0mGET / [36m304[0m 0.342 ms - -[0m
