2022-02-21 10:47:47 info: [0mGET / [36m304[0m 1.052 ms - -[0m
2022-02-21 10:50:03 info: =================================
2022-02-21 10:50:03 info: ======= ENV: development =======
2022-02-21 10:50:03 info: 🚀 App listening on the port 3009
2022-02-21 10:50:03 info: =================================
2022-02-21 10:50:35 info: [0mGET / [36m304[0m 4.923 ms - -[0m
2022-02-21 10:50:35 info: [0mGET /favicon.ico [33m404[0m 6.721 ms - 150[0m
2022-02-21 11:00:05 info: =================================
2022-02-21 11:00:05 info: ======= ENV: development =======
2022-02-21 11:00:05 info: 🚀 App listening on the port 3009
2022-02-21 11:00:05 info: =================================
2022-02-21 11:04:47 info: [0mGET /favicon.ico [33m404[0m 3.308 ms - 150[0m
2022-02-21 11:06:38 info: =================================
2022-02-21 11:06:38 info: ======= ENV: development =======
2022-02-21 11:06:38 info: 🚀 App listening on the port 3009
2022-02-21 11:06:38 info: =================================
2022-02-21 11:08:50 info: =================================
2022-02-21 11:08:50 info: ======= ENV: development =======
2022-02-21 11:08:50 info: 🚀 App listening on the port 3009
2022-02-21 11:08:50 info: =================================
2022-02-21 11:10:58 info: =================================
2022-02-21 11:10:58 info: ======= ENV: development =======
2022-02-21 11:10:58 info: 🚀 App listening on the port 3009
2022-02-21 11:10:58 info: =================================
2022-02-21 11:12:25 info: =================================
2022-02-21 11:12:25 info: ======= ENV: development =======
2022-02-21 11:12:25 info: 🚀 App listening on the port 3009
2022-02-21 11:12:25 info: =================================
2022-02-21 11:13:09 info: =================================
2022-02-21 11:13:09 info: ======= ENV: development =======
2022-02-21 11:13:09 info: 🚀 App listening on the port 3009
2022-02-21 11:13:09 info: =================================
2022-02-21 11:14:03 info: =================================
2022-02-21 11:14:03 info: ======= ENV: development =======
2022-02-21 11:14:03 info: 🚀 App listening on the port 3009
2022-02-21 11:14:03 info: =================================
2022-02-21 11:16:53 info: =================================
2022-02-21 11:16:53 info: ======= ENV: development =======
2022-02-21 11:16:53 info: 🚀 App listening on the port 3009
2022-02-21 11:16:53 info: =================================
2022-02-21 11:18:01 info: =================================
2022-02-21 11:18:01 info: ======= ENV: development =======
2022-02-21 11:18:01 info: 🚀 App listening on the port 3009
2022-02-21 11:18:01 info: =================================
2022-02-21 11:28:57 info: =================================
2022-02-21 11:28:57 info: ======= ENV: development =======
2022-02-21 11:28:57 info: 🚀 App listening on the port 3009
2022-02-21 11:28:57 info: =================================
2022-02-21 11:35:18 info: =================================
2022-02-21 11:35:18 info: ======= ENV: development =======
2022-02-21 11:35:18 info: 🚀 App listening on the port 3009
2022-02-21 11:35:18 info: =================================
2022-02-21 11:45:17 info: =================================
2022-02-21 11:45:17 info: ======= ENV: development =======
2022-02-21 11:45:17 info: 🚀 App listening on the port 3009
2022-02-21 11:45:17 info: =================================
2022-02-21 11:46:59 info: =================================
2022-02-21 11:46:59 info: ======= ENV: development =======
2022-02-21 11:46:59 info: 🚀 App listening on the port 3009
2022-02-21 11:46:59 info: =================================
2022-02-21 11:53:03 info: =================================
2022-02-21 11:53:03 info: ======= ENV: development =======
2022-02-21 11:53:03 info: 🚀 App listening on the port 3009
2022-02-21 11:53:03 info: =================================
2022-02-21 12:10:32 info: =================================
2022-02-21 12:10:32 info: ======= ENV: development =======
2022-02-21 12:10:32 info: 🚀 App listening on the port 3009
2022-02-21 12:10:32 info: =================================
2022-02-21 12:11:36 info: =================================
2022-02-21 12:11:36 info: ======= ENV: development =======
2022-02-21 12:11:36 info: 🚀 App listening on the port 3009
2022-02-21 12:11:36 info: =================================
2022-02-21 12:12:36 info: =================================
2022-02-21 12:12:36 info: ======= ENV: development =======
2022-02-21 12:12:36 info: 🚀 App listening on the port 3009
2022-02-21 12:12:36 info: =================================
2022-02-21 12:12:58 info: =================================
2022-02-21 12:12:58 info: ======= ENV: development =======
2022-02-21 12:12:58 info: 🚀 App listening on the port 3009
2022-02-21 12:12:58 info: =================================
2022-02-21 12:13:48 error: [POST] /login >> StatusCode:: 400, Message:: avatar must be a string, name must be a string
2022-02-21 12:13:48 info: [0mPOST /login [33m400[0m 24.955 ms - 60[0m
2022-02-21 12:14:35 error: [POST] /signup >> StatusCode:: 500, Message:: Operation `users.findOne()` buffering timed out after 10000ms
2022-02-21 12:14:35 info: [0mPOST /signup [31m500[0m 10021.537 ms - 75[0m
2022-02-21 12:15:13 info: =================================
2022-02-21 12:15:13 info: ======= ENV: development =======
2022-02-21 12:15:13 info: 🚀 App listening on the port 3009
2022-02-21 12:15:13 info: =================================
2022-02-21 12:15:55 error: [POST] /signup >> StatusCode:: 500, Message:: Operation `users.findOne()` buffering timed out after 10000ms
2022-02-21 12:15:55 info: [0mPOST /signup [31m500[0m 10042.138 ms - 75[0m
2022-02-21 12:16:35 error: [POST] /signup >> StatusCode:: 500, Message:: Operation `users.findOne()` buffering timed out after 10000ms
2022-02-21 12:16:35 info: [0mPOST /signup [31m500[0m 10008.854 ms - 75[0m
2022-02-21 12:18:18 info: =================================
2022-02-21 12:18:18 info: ======= ENV: development =======
2022-02-21 12:18:18 info: 🚀 App listening on the port 3009
2022-02-21 12:18:18 info: =================================
2022-02-21 12:18:29 info: [0mPOST /signup [32m201[0m 216.416 ms - 260[0m
2022-02-21 12:18:37 error: [POST] /login >> StatusCode:: 400, Message:: avatar must be a string, name must be a string
2022-02-21 12:18:37 info: [0mPOST /login [33m400[0m 8.615 ms - 60[0m
2022-02-21 12:20:07 info: =================================
2022-02-21 12:20:07 info: ======= ENV: development =======
2022-02-21 12:20:07 info: 🚀 App listening on the port 3009
2022-02-21 12:20:07 info: =================================
2022-02-21 12:22:35 info: =================================
2022-02-21 12:22:35 info: ======= ENV: development =======
2022-02-21 12:22:35 info: 🚀 App listening on the port 3009
2022-02-21 12:22:35 info: =================================
2022-02-21 12:22:53 info: =================================
2022-02-21 12:22:53 info: ======= ENV: development =======
2022-02-21 12:22:53 info: 🚀 App listening on the port 3009
2022-02-21 12:22:53 info: =================================
2022-02-21 12:23:51 info: =================================
2022-02-21 12:23:51 info: ======= ENV: development =======
2022-02-21 12:23:51 info: 🚀 App listening on the port 3009
2022-02-21 12:23:51 info: =================================
2022-02-21 12:23:59 error: [POST] /login >> StatusCode:: 409, Message:: You're email test44@test.ru not found
2022-02-21 12:23:59 info: [0mPOST /login [33m409[0m 97.035 ms - 51[0m
2022-02-21 12:24:15 info: [0mPOST /login [32m200[0m 189.343 ms - 259[0m
2022-02-21 12:27:43 info: =================================
2022-02-21 12:27:43 info: ======= ENV: development =======
2022-02-21 12:27:43 info: 🚀 App listening on the port 3009
2022-02-21 12:27:43 info: =================================
2022-02-21 12:29:40 info: =================================
2022-02-21 12:29:40 info: ======= ENV: development =======
2022-02-21 12:29:40 info: 🚀 App listening on the port 3009
2022-02-21 12:29:40 info: =================================
2022-02-21 12:34:09 info: =================================
2022-02-21 12:34:09 info: ======= ENV: development =======
2022-02-21 12:34:09 info: 🚀 App listening on the port 3009
2022-02-21 12:34:09 info: =================================
2022-02-21 12:41:41 info: =================================
2022-02-21 12:41:41 info: ======= ENV: development =======
2022-02-21 12:41:41 info: 🚀 App listening on the port 3009
2022-02-21 12:41:41 info: =================================
2022-02-21 12:42:22 info: =================================
2022-02-21 12:42:22 info: ======= ENV: development =======
2022-02-21 12:42:22 info: 🚀 App listening on the port 3009
2022-02-21 12:42:22 info: =================================
2022-02-21 12:42:39 info: =================================
2022-02-21 12:42:39 info: ======= ENV: development =======
2022-02-21 12:42:39 info: 🚀 App listening on the port 3009
2022-02-21 12:42:39 info: =================================
2022-02-21 12:44:10 info: =================================
2022-02-21 12:44:10 info: ======= ENV: development =======
2022-02-21 12:44:10 info: 🚀 App listening on the port 3009
2022-02-21 12:44:10 info: =================================
2022-02-21 12:44:17 info: [0mGET / [36m304[0m 3.103 ms - -[0m
2022-02-21 12:47:48 info: =================================
2022-02-21 12:47:48 info: ======= ENV: development =======
2022-02-21 12:47:48 info: 🚀 App listening on the port 3009
2022-02-21 12:47:48 info: =================================
2022-02-21 12:48:17 info: =================================
2022-02-21 12:48:17 info: ======= ENV: development =======
2022-02-21 12:48:17 info: 🚀 App listening on the port 3009
2022-02-21 12:48:17 info: =================================
2022-02-21 12:49:01 info: [0mGET / [36m304[0m 5.393 ms - -[0m
2022-02-21 12:50:45 info: [0mGET /users [32m200[0m 67.111 ms - 850[0m
2022-02-21 12:51:24 info: [0mGET /logout [33m404[0m 2.377 ms - 145[0m
2022-02-21 12:51:32 info: [0mGET /users [36m304[0m 55.143 ms - -[0m
2022-02-21 12:51:48 info: [0mGET /users [36m304[0m 54.671 ms - -[0m
2022-02-21 12:52:49 info: [0mGET / [36m304[0m 0.695 ms - -[0m
2022-02-21 12:52:49 info: [0mGET /favicon.ico [33m404[0m 0.629 ms - 150[0m
2022-02-21 12:52:59 info: [0mGET /users [32m200[0m 56.306 ms - 850[0m
2022-02-21 12:53:38 info: [0mGET / [36m304[0m 0.538 ms - -[0m
2022-02-21 12:54:06 info: [0mGET /logout [33m404[0m 0.448 ms - 145[0m
2022-02-21 12:54:30 info: [0mGET /login [33m404[0m 0.469 ms - 144[0m
2022-02-21 12:54:48 info: [0mGET /users [36m304[0m 54.942 ms - -[0m
2022-02-21 12:55:38 info: =================================
2022-02-21 12:55:38 info: ======= ENV: development =======
2022-02-21 12:55:38 info: 🚀 App listening on the port 3009
2022-02-21 12:55:38 info: =================================
2022-02-21 12:56:29 info: =================================
2022-02-21 12:56:29 info: ======= ENV: development =======
2022-02-21 12:56:29 info: 🚀 App listening on the port 3009
2022-02-21 12:56:29 info: =================================
2022-02-21 12:56:36 info: =================================
2022-02-21 12:56:36 info: ======= ENV: development =======
2022-02-21 12:56:36 info: 🚀 App listening on the port 3009
2022-02-21 12:56:36 info: =================================
2022-02-21 13:01:48 info: =================================
2022-02-21 13:01:48 info: ======= ENV: development =======
2022-02-21 13:01:48 info: 🚀 App listening on the port 3009
2022-02-21 13:01:48 info: =================================
2022-02-21 13:05:06 info: =================================
2022-02-21 13:05:06 info: ======= ENV: development =======
2022-02-21 13:05:06 info: 🚀 App listening on the port 3009
2022-02-21 13:05:06 info: =================================
2022-02-21 13:06:18 info: =================================
2022-02-21 13:06:18 info: ======= ENV: development =======
2022-02-21 13:06:18 info: 🚀 App listening on the port 3009
2022-02-21 13:06:18 info: =================================
2022-02-21 13:10:06 info: =================================
2022-02-21 13:10:06 info: ======= ENV: development =======
2022-02-21 13:10:06 info: 🚀 App listening on the port 3009
2022-02-21 13:10:06 info: =================================
2022-02-21 13:10:38 info: =================================
2022-02-21 13:10:38 info: ======= ENV: development =======
2022-02-21 13:10:38 info: 🚀 App listening on the port 3009
2022-02-21 13:10:38 info: =================================
2022-02-21 13:11:06 info: [0mGET /users [36m304[0m 66.076 ms - -[0m
2022-02-21 13:11:59 info: [0mGET /messages [33m404[0m 1.896 ms - 147[0m
2022-02-21 13:25:43 info: =================================
2022-02-21 13:25:43 info: ======= ENV: development =======
2022-02-21 13:25:43 info: 🚀 App listening on the port 3009
2022-02-21 13:25:43 info: =================================
2022-02-21 13:26:58 info: =================================
2022-02-21 13:26:58 info: ======= ENV: development =======
2022-02-21 13:26:58 info: 🚀 App listening on the port 3009
2022-02-21 13:26:58 info: =================================
2022-02-21 13:28:02 info: =================================
2022-02-21 13:28:02 info: ======= ENV: development =======
2022-02-21 13:28:02 info: 🚀 App listening on the port 3009
2022-02-21 13:28:02 info: =================================
2022-02-21 13:38:28 info: =================================
2022-02-21 13:38:28 info: ======= ENV: development =======
2022-02-21 13:38:28 info: 🚀 App listening on the port 3009
2022-02-21 13:38:28 info: =================================
2022-02-21 13:45:47 info: =================================
2022-02-21 13:45:47 info: ======= ENV: development =======
2022-02-21 13:45:47 info: 🚀 App listening on the port 3009
2022-02-21 13:45:47 info: =================================
2022-02-21 13:45:52 info: [0mGET /messages/afsadg [33m404[0m 5.734 ms - 154[0m
2022-02-21 13:46:36 info: [0mDELETE /messages/62102c23a8be3e0d0ceec02a [33m404[0m 0.886 ms - 175[0m
2022-02-21 13:47:40 info: [0mDELETE /messages/62102c23a8be3e0d0ceec02a [33m404[0m 0.592 ms - 175[0m
2022-02-21 13:52:39 info: [0mGET /messages/afsadg [33m404[0m 0.893 ms - 154[0m
2022-02-21 13:53:12 info: =================================
2022-02-21 13:53:12 info: ======= ENV: development =======
2022-02-21 13:53:12 info: 🚀 App listening on the port 3009
2022-02-21 13:53:12 info: =================================
2022-02-21 13:55:12 info: =================================
2022-02-21 13:55:12 info: ======= ENV: development =======
2022-02-21 13:55:12 info: 🚀 App listening on the port 3009
2022-02-21 13:55:12 info: =================================
2022-02-21 13:55:44 info: =================================
2022-02-21 13:55:44 info: ======= ENV: development =======
2022-02-21 13:55:44 info: 🚀 App listening on the port 3009
2022-02-21 13:55:44 info: =================================
2022-02-21 13:55:53 info: [0mDELETE /messages/62102c23a8be3e0d0ceec02a [33m404[0m 6.394 ms - 175[0m
2022-02-21 13:56:21 info: =================================
2022-02-21 13:56:21 info: ======= ENV: development =======
2022-02-21 13:56:21 info: 🚀 App listening on the port 3009
2022-02-21 13:56:21 info: =================================
2022-02-21 13:56:25 info: [0mDELETE /messages/62102c23a8be3e0d0ceec02a [33m404[0m 3.311 ms - 175[0m
2022-02-21 13:56:43 info: =================================
2022-02-21 13:56:43 info: ======= ENV: development =======
2022-02-21 13:56:43 info: 🚀 App listening on the port 3009
2022-02-21 13:56:43 info: =================================
2022-02-21 13:56:58 info: [0mDELETE /messages [33m404[0m 8.715 ms - 150[0m
2022-02-21 13:57:09 info: [0mGET /messages [33m404[0m 1.292 ms - 147[0m
2022-02-21 13:57:18 info: [0mGET /messages [33m404[0m 0.586 ms - 147[0m
2022-02-21 13:57:27 info: [0mDELETE /messages [33m404[0m 0.420 ms - 150[0m
2022-02-21 13:59:33 info: =================================
2022-02-21 13:59:33 info: ======= ENV: development =======
2022-02-21 13:59:33 info: 🚀 App listening on the port 3009
2022-02-21 13:59:33 info: =================================
2022-02-21 13:59:47 error: [DELETE] /messages/hlklk >> StatusCode:: 500, Message:: Cast to ObjectId failed for value "hlklk" (type string) at path "_id" for model "Message"
2022-02-21 13:59:47 info: [0mDELETE /messages/hlklk [31m500[0m 8.992 ms - 109[0m
2022-02-21 14:15:12 info: =================================
2022-02-21 14:15:12 info: ======= ENV: development =======
2022-02-21 14:15:12 info: 🚀 App listening on the port 3009
2022-02-21 14:15:12 info: =================================
2022-02-21 14:16:14 error: [POST] /messages >> StatusCode:: 400, Message:: You're not messageData
2022-02-21 14:16:14 info: [0mPOST /messages [33m400[0m 10.346 ms - 36[0m
2022-02-21 14:16:43 info: [0mPOST /messages [32m201[0m 133.646 ms - 102[0m
2022-02-21 14:20:25 info: [0mDELETE /messages/6213749ba543f54260211308 [32m200[0m 70.208 ms - 94[0m
2022-02-21 14:34:55 info: [0mGET / [36m304[0m 1.256 ms - -[0m
2022-02-21 14:42:34 info: =================================
2022-02-21 14:42:34 info: ======= ENV: development =======
2022-02-21 14:42:34 info: 🚀 App listening on the port 3009
2022-02-21 14:42:34 info: =================================
2022-02-21 14:50:33 info: =================================
2022-02-21 14:50:33 info: ======= ENV: development =======
2022-02-21 14:50:33 info: 🚀 App listening on the port 3009
2022-02-21 14:50:33 info: =================================
2022-02-21 14:50:47 info: [0mGET / [32m200[0m 6.469 ms - 2[0m
2022-02-21 15:29:33 info: =================================
2022-02-21 15:29:33 info: ======= ENV: development =======
2022-02-21 15:29:33 info: 🚀 App listening on the port 3009
2022-02-21 15:29:33 info: =================================
2022-02-21 15:29:35 error: [GET] / >> StatusCode:: 404, Message:: ENOENT: no such file or directory, stat 'D:\back_project\src\controllers\index.html'
2022-02-21 15:29:35 info: [0mGET / [33m404[0m 8.279 ms - 102[0m
2022-02-21 15:30:05 info: =================================
2022-02-21 15:30:05 info: ======= ENV: development =======
2022-02-21 15:30:05 info: 🚀 App listening on the port 3009
2022-02-21 15:30:05 info: =================================
2022-02-21 15:30:08 error: [GET] / >> StatusCode:: 404, Message:: ENOENT: no such file or directory, stat 'D:\index.html'
2022-02-21 15:30:08 info: [0mGET / [33m404[0m 5.543 ms - 70[0m
2022-02-21 15:30:24 info: =================================
2022-02-21 15:30:24 info: ======= ENV: development =======
2022-02-21 15:30:24 info: 🚀 App listening on the port 3009
2022-02-21 15:30:24 info: =================================
2022-02-21 15:30:25 error: [GET] / >> StatusCode:: 404, Message:: ENOENT: no such file or directory, stat 'D:\back_project\src\controllers\index.html'
2022-02-21 15:30:25 info: [0mGET / [33m404[0m 5.671 ms - 102[0m
2022-02-21 15:31:45 info: =================================
2022-02-21 15:31:45 info: ======= ENV: development =======
2022-02-21 15:31:45 info: 🚀 App listening on the port 3009
2022-02-21 15:31:45 info: =================================
2022-02-21 15:31:48 error: [GET] / >> StatusCode:: 404, Message:: ENOENT: no such file or directory, stat 'D:\index.html'
2022-02-21 15:31:48 info: [0mGET / [33m404[0m 6.685 ms - 70[0m
2022-02-21 15:32:31 info: =================================
2022-02-21 15:32:31 info: ======= ENV: development =======
2022-02-21 15:32:31 info: 🚀 App listening on the port 3009
2022-02-21 15:32:31 info: =================================
2022-02-21 15:32:31 error: [GET] / >> StatusCode:: 500, Message:: path must be absolute or specify root to res.sendFile
2022-02-21 15:32:31 info: [0mGET / [31m500[0m 5.056 ms - 67[0m
2022-02-21 15:33:13 info: =================================
2022-02-21 15:33:13 info: ======= ENV: development =======
2022-02-21 15:33:13 info: 🚀 App listening on the port 3009
2022-02-21 15:33:13 info: =================================
2022-02-21 15:33:13 error: [GET] / >> StatusCode:: 404, Message:: ENOENT: no such file or directory, stat 'D:\back_project\src\controllers\index.controller.ts\index.html'
2022-02-21 15:33:13 info: [0mGET / [33m404[0m 4.870 ms - 123[0m
2022-02-21 15:33:58 info: =================================
2022-02-21 15:33:58 info: ======= ENV: development =======
2022-02-21 15:33:58 info: 🚀 App listening on the port 3009
2022-02-21 15:33:58 info: =================================
2022-02-21 15:33:58 info: [0mGET / [32m200[0m 4.971 ms - 1015[0m
2022-02-21 15:34:03 info: [0mGET /? [32m200[0m 1.514 ms - 1015[0m
2022-02-21 15:36:16 info: =================================
2022-02-21 15:36:16 info: ======= ENV: development =======
2022-02-21 15:36:16 info: 🚀 App listening on the port 3009
2022-02-21 15:36:16 info: =================================
2022-02-21 15:36:47 info: [0mGET /? [32m200[0m 9.694 ms - -[0m
2022-02-21 15:36:47 info: [0mGET /socket.io/socket.io.js [33m404[0m 3.036 ms - 161[0m
2022-02-21 15:42:26 info: [0mGET / [32m200[0m 1.338 ms - -[0m
2022-02-21 15:42:26 info: [0mGET /node_modules/socket.io/socket.io.js [33m404[0m 1.181 ms - 174[0m
2022-02-21 15:43:11 info: [0mGET / [32m200[0m 1.460 ms - -[0m
2022-02-21 15:43:11 info: [0mGET /node_modules/socket.io/client-dist/socket.io.js [33m404[0m 0.689 ms - 186[0m
2022-02-21 15:43:13 info: [0mGET / [36m304[0m 1.165 ms - -[0m
2022-02-21 15:43:13 info: [0mGET /node_modules/socket.io/client-dist/socket.io.js [33m404[0m 0.466 ms - 186[0m
2022-02-21 15:43:14 info: [0mGET / [36m304[0m 0.836 ms - -[0m
2022-02-21 15:43:14 info: [0mGET /node_modules/socket.io/client-dist/socket.io.js [33m404[0m 0.515 ms - 186[0m
2022-02-21 15:43:15 info: [0mGET / [36m304[0m 0.639 ms - -[0m
2022-02-21 15:43:15 info: [0mGET /node_modules/socket.io/client-dist/socket.io.js [33m404[0m 1.102 ms - 186[0m
2022-02-21 15:44:53 info: [0mGET / [36m304[0m 0.823 ms - -[0m
2022-02-21 15:44:53 info: [0mGET /node_modules/socket.io/client-dist/socket.io.js [33m404[0m 0.648 ms - 186[0m
2022-02-21 15:44:58 info: [0mGET /? [32m200[0m 1.305 ms - -[0m
2022-02-21 15:44:58 info: [0mGET /node_modules/socket.io/client-dist/socket.io.js [33m404[0m 0.930 ms - 186[0m
2022-02-21 15:46:15 info: [0mGET /? [32m200[0m 0.778 ms - -[0m
2022-02-21 15:46:15 info: [0mGET /node_modules/socket.io/client-dist/socket.io.js [33m404[0m 0.577 ms - 186[0m
2022-02-21 15:46:18 info: [0mGET / [32m200[0m 1.725 ms - -[0m
2022-02-21 15:46:18 info: [0mGET /node_modules/socket.io/client-dist/socket.io.js [33m404[0m 1.006 ms - 186[0m
2022-02-21 15:47:27 info: [0mGET /node_modules/socket.io/client-dist/socket.io.js [33m404[0m 0.695 ms - 186[0m
2022-02-21 15:48:37 info: =================================
2022-02-21 15:48:37 info: ======= ENV: development =======
2022-02-21 15:48:37 info: 🚀 App listening on the port 3009
2022-02-21 15:48:37 info: =================================
2022-02-21 15:48:52 info: [0mGET / [32m200[0m 5.055 ms - 2[0m
2022-02-21 15:51:21 info: =================================
2022-02-21 15:51:21 info: ======= ENV: development =======
2022-02-21 15:51:21 info: 🚀 App listening on the port 3009
2022-02-21 15:51:21 info: =================================
2022-02-21 15:53:38 info: =================================
2022-02-21 15:53:38 info: ======= ENV: development =======
2022-02-21 15:53:38 info: 🚀 App listening on the port 3009
2022-02-21 15:53:38 info: =================================
2022-02-21 15:56:13 info: =================================
2022-02-21 15:56:13 info: ======= ENV: development =======
2022-02-21 15:56:13 info: 🚀 App listening on the port 3009
2022-02-21 15:56:13 info: =================================
2022-02-21 15:57:47 info: =================================
2022-02-21 15:57:47 info: ======= ENV: development =======
2022-02-21 15:57:47 info: 🚀 App listening on the port 3009
2022-02-21 15:57:47 info: =================================
2022-02-21 15:57:57 info: =================================
2022-02-21 15:57:57 info: ======= ENV: development =======
2022-02-21 15:57:57 info: 🚀 App listening on the port 3009
2022-02-21 15:57:57 info: =================================
2022-02-21 16:02:36 info: =================================
2022-02-21 16:02:36 info: ======= ENV: development =======
2022-02-21 16:02:36 info: 🚀 App listening on the port 3009
2022-02-21 16:02:36 info: =================================
2022-02-21 16:02:38 info: [0mGET / [32m200[0m 10.101 ms - -[0m
2022-02-21 16:02:38 info: [0mGET /node_modules/socket.io/client-dist/socket.io.js [33m404[0m 1.730 ms - 186[0m
2022-02-21 16:02:57 info: [0mGET /messages [33m404[0m 1.823 ms - 147[0m
2022-02-21 16:03:20 info: [0mGET / [36m304[0m 0.884 ms - -[0m
2022-02-21 16:03:20 info: [0mGET /node_modules/socket.io/client-dist/socket.io.js [33m404[0m 0.963 ms - 186[0m
2022-02-21 16:04:56 info: =================================
2022-02-21 16:04:56 info: ======= ENV: development =======
2022-02-21 16:04:56 info: 🚀 App listening on the port 3009
2022-02-21 16:04:56 info: =================================
2022-02-21 16:05:24 info: =================================
2022-02-21 16:05:24 info: ======= ENV: development =======
2022-02-21 16:05:24 info: 🚀 App listening on the port 3009
2022-02-21 16:05:24 info: =================================
2022-02-21 16:05:31 info: [0mGET / [36m304[0m 4.475 ms - -[0m
2022-02-21 16:05:31 info: [0mGET /node_modules/socket.io/client-dist/socket.io.js [33m404[0m 2.809 ms - 186[0m
2022-02-21 16:09:35 info: =================================
2022-02-21 16:09:35 info: ======= ENV: development =======
2022-02-21 16:09:35 info: 🚀 App listening on the port 3009
2022-02-21 16:09:35 info: =================================
2022-02-21 16:09:38 info: [0mGET / [32m200[0m 9.287 ms - -[0m
2022-02-21 16:09:38 info: [0mGET /node_modules/socket.io/client-dist/socket.io.js [33m404[0m 2.233 ms - 186[0m
2022-02-21 16:09:41 info: [0mGET /? [32m200[0m 1.575 ms - -[0m
2022-02-21 16:09:41 info: [0mGET /node_modules/socket.io/client-dist/socket.io.js [33m404[0m 1.664 ms - 186[0m
2022-02-21 16:09:45 info: [0mGET /? [36m304[0m 1.477 ms - -[0m
2022-02-21 16:09:45 info: [0mGET /node_modules/socket.io/client-dist/socket.io.js [33m404[0m 1.031 ms - 186[0m
2022-02-21 16:10:40 info: [0mGET / [36m304[0m 0.835 ms - -[0m
2022-02-21 16:10:40 info: [0mGET /node_modules/socket.io/client-dist/socket.io.js [33m404[0m 0.980 ms - 186[0m
2022-02-21 16:10:43 info: [0mGET /? [36m304[0m 0.787 ms - -[0m
2022-02-21 16:10:43 info: [0mGET /node_modules/socket.io/client-dist/socket.io.js [33m404[0m 1.053 ms - 186[0m
2022-02-21 16:12:10 error: [GET] / >> StatusCode:: 404, Message:: ENOENT: no such file or directory, stat 'D:\back_project\src\controllers\index.html'
2022-02-21 16:12:10 info: [0mGET /? [33m404[0m 3.548 ms - 102[0m
2022-02-21 16:12:12 error: [GET] / >> StatusCode:: 404, Message:: ENOENT: no such file or directory, stat 'D:\back_project\src\controllers\index.html'
2022-02-21 16:12:12 info: [0mGET /? [33m404[0m 1.386 ms - 102[0m
2022-02-21 16:13:11 info: =================================
2022-02-21 16:13:11 info: ======= ENV: development =======
2022-02-21 16:13:11 info: 🚀 App listening on the port 3009
2022-02-21 16:13:11 info: =================================
2022-02-21 16:13:12 error: [GET] / >> StatusCode:: 500, Message:: path must be absolute or specify root to res.sendFile
2022-02-21 16:13:12 info: [0mGET /? [31m500[0m 5.654 ms - 67[0m
2022-02-21 16:13:16 error: [GET] / >> StatusCode:: 500, Message:: path must be absolute or specify root to res.sendFile
2022-02-21 16:13:16 info: [0mGET / [31m500[0m 1.636 ms - 67[0m
2022-02-21 16:15:11 info: =================================
2022-02-21 16:15:11 info: ======= ENV: development =======
2022-02-21 16:15:11 info: 🚀 App listening on the port 3009
2022-02-21 16:15:11 info: =================================
2022-02-21 16:15:11 error: [GET] / >> StatusCode:: 404, Message:: ENOENT: no such file or directory, stat 'D:\index.html'
2022-02-21 16:15:11 info: [0mGET / [33m404[0m 5.308 ms - 70[0m
2022-02-21 16:15:40 info: =================================
2022-02-21 16:15:40 info: ======= ENV: development =======
2022-02-21 16:15:40 info: 🚀 App listening on the port 3009
2022-02-21 16:15:40 info: =================================
2022-02-21 16:15:40 info: [0mGET / [32m200[0m 5.961 ms - -[0m
2022-02-21 16:15:40 info: [0mGET /node_modules/socket.io/client-dist/socket.io.js [33m404[0m 2.536 ms - 186[0m
2022-02-21 16:17:35 info: [0mGET / [32m200[0m 1.862 ms - -[0m
2022-02-21 16:17:45 info: [0mGET /? [32m200[0m 1.258 ms - -[0m
2022-02-21 16:18:27 info: [0mGET / [36m304[0m 1.058 ms - -[0m
2022-02-21 16:18:52 info: [0mGET /? [36m304[0m 0.670 ms - -[0m
2022-02-21 16:19:25 info: =================================
2022-02-21 16:19:25 info: ======= ENV: development =======
2022-02-21 16:19:25 info: 🚀 App listening on the port 3009
2022-02-21 16:19:25 info: =================================
2022-02-21 16:19:30 info: [0mGET /? [36m304[0m 4.001 ms - -[0m
2022-02-21 16:20:19 info: [0mGET / [36m304[0m 0.990 ms - -[0m
2022-02-21 16:22:58 info: [0mGET /? [36m304[0m 1.003 ms - -[0m
2022-02-21 16:23:01 info: [0mGET /? [36m304[0m 0.752 ms - -[0m
2022-02-21 16:23:06 info: [0mGET /? [36m304[0m 0.847 ms - -[0m
2022-02-21 16:23:07 info: [0mGET /? [36m304[0m 0.714 ms - -[0m
2022-02-21 16:23:30 info: =================================
2022-02-21 16:23:30 info: ======= ENV: development =======
2022-02-21 16:23:30 info: 🚀 App listening on the port 3009
2022-02-21 16:23:30 info: =================================
2022-02-21 16:38:20 error: [GET] / >> StatusCode:: 404, Message:: ENOENT: no such file or directory, stat 'D:\back_project\index.html'
2022-02-21 16:38:20 info: [0mGET / [33m404[0m 9.066 ms - 84[0m
2022-02-21 16:41:59 info: =================================
2022-02-21 16:41:59 info: ======= ENV: development =======
2022-02-21 16:41:59 info: 🚀 App listening on the port 3009
2022-02-21 16:41:59 info: =================================
2022-02-21 16:43:09 info: [0mGET / [32m200[0m 3.842 ms - 2[0m
2022-02-21 16:43:09 info: [0mGET /favicon.ico [33m404[0m 2.577 ms - 150[0m
2022-02-21 16:47:21 info: =================================
2022-02-21 16:47:21 info: ======= ENV: development =======
2022-02-21 16:47:21 info: 🚀 App listening on the port 3009
2022-02-21 16:47:21 info: =================================
2022-02-21 16:47:30 info: [0mGET / [36m304[0m 3.342 ms - -[0m
2022-02-21 16:47:30 error: [GET] / >> StatusCode:: 500, Message:: path must be absolute or specify root to res.sendFile
2022-02-21 16:47:34 info: [0mGET / [36m304[0m 0.658 ms - -[0m
2022-02-21 16:47:34 error: [GET] / >> StatusCode:: 500, Message:: path must be absolute or specify root to res.sendFile
2022-02-21 16:47:50 info: =================================
2022-02-21 16:47:50 info: ======= ENV: development =======
2022-02-21 16:47:50 info: 🚀 App listening on the port 3009
2022-02-21 16:47:50 info: =================================
2022-02-21 16:47:55 error: [GET] / >> StatusCode:: 500, Message:: path must be absolute or specify root to res.sendFile
2022-02-21 16:47:55 info: [0mGET / [31m500[0m 4.370 ms - 67[0m
2022-02-21 16:48:25 info: =================================
2022-02-21 16:48:25 info: ======= ENV: development =======
2022-02-21 16:48:25 info: 🚀 App listening on the port 3009
2022-02-21 16:48:25 info: =================================
2022-02-21 16:48:26 error: [GET] / >> StatusCode:: 404, Message:: ENOENT: no such file or directory, stat 'D:\back_project\src\controllersback_project\index.html'
2022-02-21 16:48:26 info: [0mGET / [33m404[0m 5.397 ms - 114[0m
2022-02-21 16:49:04 info: =================================
2022-02-21 16:49:04 info: ======= ENV: development =======
2022-02-21 16:49:04 info: 🚀 App listening on the port 3009
2022-02-21 16:49:04 info: =================================
2022-02-21 16:49:05 error: [GET] / >> StatusCode:: 403, Message:: Forbidden
2022-02-21 16:49:05 info: [0mGET / [33m403[0m 5.473 ms - 23[0m
2022-02-21 16:49:09 error: [GET] / >> StatusCode:: 403, Message:: Forbidden
2022-02-21 16:49:09 info: [0mGET / [33m403[0m 1.451 ms - 23[0m
2022-02-21 16:49:18 info: =================================
2022-02-21 16:49:18 info: ======= ENV: development =======
2022-02-21 16:49:18 info: 🚀 App listening on the port 3009
2022-02-21 16:49:18 info: =================================
2022-02-21 16:49:18 error: [GET] / >> StatusCode:: 404, Message:: ENOENT: no such file or directory, stat 'D:\back_project\src\controllers..\back_project\index.html'
2022-02-21 16:49:18 info: [0mGET / [33m404[0m 5.467 ms - 118[0m
2022-02-21 16:49:49 info: =================================
2022-02-21 16:49:49 info: ======= ENV: development =======
2022-02-21 16:49:49 info: 🚀 App listening on the port 3009
2022-02-21 16:49:49 info: =================================
2022-02-21 16:49:49 error: [GET] / >> StatusCode:: 403, Message:: Forbidden
2022-02-21 16:49:49 info: [0mGET / [33m403[0m 5.744 ms - 23[0m
2022-02-21 16:50:09 info: =================================
2022-02-21 16:50:09 info: ======= ENV: development =======
2022-02-21 16:50:09 info: 🚀 App listening on the port 3009
2022-02-21 16:50:09 info: =================================
2022-02-21 16:50:09 error: [GET] / >> StatusCode:: 404, Message:: ENOENT: no such file or directory, stat 'D:\index.html'
2022-02-21 16:50:09 info: [0mGET / [33m404[0m 4.943 ms - 70[0m
2022-02-21 16:50:39 info: =================================
2022-02-21 16:50:39 info: ======= ENV: development =======
2022-02-21 16:50:39 info: 🚀 App listening on the port 3009
2022-02-21 16:50:39 info: =================================
2022-02-21 16:50:42 info: [0mGET / [32m200[0m 6.693 ms - -[0m
2022-02-21 16:50:43 info: [0mGET /socket.io/socket.io.js [33m404[0m 1.840 ms - 161[0m
2022-02-21 16:51:38 info: [0mGET / [36m304[0m 2.057 ms - -[0m
2022-02-21 16:51:38 info: [0mGET /socket.io/socket.io.js [33m404[0m 1.044 ms - 161[0m
2022-02-21 16:53:28 info: [0mGET / [32m200[0m 1.186 ms - -[0m
2022-02-21 16:53:28 info: [0mGET /socket.io/socket.io.js [33m404[0m 1.113 ms - 161[0m
2022-02-21 16:54:06 info: =================================
2022-02-21 16:54:06 info: ======= ENV: development =======
2022-02-21 16:54:06 info: 🚀 App listening on the port 3009
2022-02-21 16:54:06 info: =================================
2022-02-21 16:54:09 info: [0mGET / [36m304[0m 6.143 ms - -[0m
2022-02-21 16:54:09 info: [0mGET /socket.io/socket.io.js [33m404[0m 4.374 ms - 161[0m
2022-02-21 16:54:38 info: =================================
2022-02-21 16:54:38 info: ======= ENV: development =======
2022-02-21 16:54:38 info: 🚀 App listening on the port 3009
2022-02-21 16:54:38 info: =================================
2022-02-21 16:56:18 info: [0mGET / [36m304[0m 4.240 ms - -[0m
2022-02-21 16:56:18 info: [0mGET /socket.io/socket.io.js [33m404[0m 2.364 ms - 161[0m
2022-02-21 16:56:20 info: [0mGET / [36m304[0m 0.730 ms - -[0m
2022-02-21 16:56:20 info: [0mGET /socket.io/socket.io.js [33m404[0m 1.418 ms - 161[0m
2022-02-21 16:56:21 info: [0mGET / [36m304[0m 0.728 ms - -[0m
2022-02-21 16:56:21 info: [0mGET /socket.io/socket.io.js [33m404[0m 0.855 ms - 161[0m
2022-02-21 16:56:22 info: [0mGET / [36m304[0m 0.554 ms - -[0m
2022-02-21 16:56:22 info: [0mGET /socket.io/socket.io.js [33m404[0m 1.066 ms - 161[0m
2022-02-21 16:56:23 info: [0mGET / [36m304[0m 0.598 ms - -[0m
2022-02-21 16:56:23 info: [0mGET /socket.io/socket.io.js [33m404[0m 0.533 ms - 161[0m
2022-02-21 16:56:23 info: [0mGET / [36m304[0m 0.534 ms - -[0m
2022-02-21 16:56:23 info: [0mGET /socket.io/socket.io.js [33m404[0m 0.417 ms - 161[0m
2022-02-21 17:21:36 info: =================================
2022-02-21 17:21:36 info: ======= ENV: development =======
2022-02-21 17:21:36 info: 🚀 App listening on the port 3009
2022-02-21 17:21:36 info: =================================
2022-02-21 17:26:46 info: =================================
2022-02-21 17:26:46 info: ======= ENV: development =======
2022-02-21 17:26:46 info: 🚀 App listening on the port 3009
2022-02-21 17:26:46 info: =================================
2022-02-21 17:28:48 info: =================================
2022-02-21 17:28:48 info: ======= ENV: development =======
2022-02-21 17:28:48 info: 🚀 App listening on the port 3009
2022-02-21 17:28:48 info: =================================
2022-02-21 17:29:53 info: =================================
2022-02-21 17:29:53 info: ======= ENV: development =======
2022-02-21 17:29:53 info: 🚀 App listening on the port 3009
2022-02-21 17:29:53 info: =================================
2022-02-21 17:30:18 info: =================================
2022-02-21 17:30:18 info: ======= ENV: development =======
2022-02-21 17:30:18 info: 🚀 App listening on the port 3009
2022-02-21 17:30:18 info: =================================
2022-02-21 17:32:22 info: =================================
2022-02-21 17:32:22 info: ======= ENV: development =======
2022-02-21 17:32:22 info: 🚀 App listening on the port 3009
2022-02-21 17:32:22 info: =================================
2022-02-21 17:33:29 info: =================================
2022-02-21 17:33:29 info: ======= ENV: development =======
2022-02-21 17:33:29 info: 🚀 App listening on the port 3009
2022-02-21 17:33:29 info: =================================
2022-02-21 17:36:51 info: =================================
2022-02-21 17:36:51 info: ======= ENV: development =======
2022-02-21 17:36:51 info: 🚀 App listening on the port 3009
2022-02-21 17:36:51 info: =================================
2022-02-21 17:46:05 info: =================================
2022-02-21 17:46:05 info: ======= ENV: development =======
2022-02-21 17:46:05 info: 🚀 App listening on the port 3009
2022-02-21 17:46:05 info: =================================
2022-02-21 17:47:02 info: =================================
2022-02-21 17:47:02 info: ======= ENV: development =======
2022-02-21 17:47:02 info: 🚀 App listening on the port 3009
2022-02-21 17:47:02 info: =================================
2022-02-21 17:52:30 info: =================================
2022-02-21 17:52:30 info: ======= ENV: development =======
2022-02-21 17:52:30 info: 🚀 App listening on the port 3009
2022-02-21 17:52:30 info: =================================
2022-02-21 18:10:10 info: =================================
2022-02-21 18:10:10 info: ======= ENV: development =======
2022-02-21 18:10:10 info: 🚀 App listening on the port 3009
2022-02-21 18:10:10 info: =================================
2022-02-21 18:11:31 info: =================================
2022-02-21 18:11:31 info: ======= ENV: development =======
2022-02-21 18:11:31 info: 🚀 App listening on the port 3009
2022-02-21 18:11:31 info: =================================
2022-02-21 18:13:19 info: =================================
2022-02-21 18:13:19 info: ======= ENV: development =======
2022-02-21 18:13:19 info: 🚀 App listening on the port 3009
2022-02-21 18:13:19 info: =================================
2022-02-21 18:14:57 info: =================================
2022-02-21 18:14:57 info: ======= ENV: development =======
2022-02-21 18:14:57 info: 🚀 App listening on the port 3009
2022-02-21 18:14:57 info: =================================
2022-02-21 18:16:51 info: =================================
2022-02-21 18:16:51 info: ======= ENV: development =======
2022-02-21 18:16:51 info: 🚀 App listening on the port 3009
2022-02-21 18:16:51 info: =================================
