2022-02-19 00:16:37 info: =================================
2022-02-19 00:16:37 info: ======= ENV: development =======
2022-02-19 00:16:37 info: 🚀 App listening on the port 3009
2022-02-19 00:16:37 info: =================================
2022-02-19 00:17:44 info: [0mGET / [36m304[0m 5.062 ms - -[0m
2022-02-19 00:17:44 info: [0mGET /favicon.ico [33m404[0m 1.699 ms - 150[0m
2022-02-19 00:18:19 info: [0mGET /signup [33m404[0m 0.831 ms - 145[0m
2022-02-19 00:23:53 error: [POST] /signup >> StatusCode:: 500, Message:: (0 , class_transformer_1.plainToClass) is not a function
2022-02-19 00:23:53 info: [0mPOST /signup [31m500[0m 14.345 ms - 70[0m
2022-02-19 00:28:34 error: [POST] /signup >> StatusCode:: 500, Message:: (0 , class_transformer_1.plainToClass) is not a function
2022-02-19 00:28:34 info: [0mPOST /signup [31m500[0m 1.333 ms - 70[0m
2022-02-19 00:29:07 error: [POST] /signup >> StatusCode:: 500, Message:: (0 , class_transformer_1.plainToClass) is not a function
2022-02-19 00:29:07 info: [0mPOST /signup?email=12345&password=12345 [31m500[0m 1.176 ms - 70[0m
2022-02-19 00:29:20 error: [POST] /signup >> StatusCode:: 500, Message:: (0 , class_transformer_1.plainToClass) is not a function
2022-02-19 00:29:20 info: [0mPOST /signup?email=test@test.ru&password=12345 [31m500[0m 1.159 ms - 70[0m
2022-02-19 00:30:08 error: [POST] /signup >> StatusCode:: 500, Message:: (0 , class_transformer_1.plainToClass) is not a function
2022-02-19 00:30:08 info: [0mPOST /signup?email=test@test.ru&password=12345 [31m500[0m 1.352 ms - 70[0m
2022-02-19 00:30:24 error: [POST] /signup >> StatusCode:: 500, Message:: (0 , class_transformer_1.plainToClass) is not a function
2022-02-19 00:30:24 info: [0mPOST /signup?email=test@test.ru&password=12345 [31m500[0m 1.476 ms - 70[0m
2022-02-19 00:31:48 info: =================================
2022-02-19 00:31:48 info: ======= ENV: development =======
2022-02-19 00:31:48 info: 🚀 App listening on the port 3009
2022-02-19 00:31:48 info: =================================
2022-02-19 00:31:50 error: [POST] /signup >> StatusCode:: 500, Mesage:: (0 , class_transformer_1.plainToClass) is not a function
2022-02-19 00:31:50 info: [0mPOST /signup?email=test@test.ru&password=12345 [31m500[0m 12.872 ms - 70[0m
2022-02-19 00:31:55 info: =================================
2022-02-19 00:31:55 info: ======= ENV: development =======
2022-02-19 00:31:55 info: 🚀 App listening on the port 3009
2022-02-19 00:31:55 info: =================================
2022-02-19 00:51:01 info: =================================
2022-02-19 00:51:01 info: ======= ENV: development =======
2022-02-19 00:51:01 info: 🚀 App listening on the port 3009
2022-02-19 00:51:01 info: =================================
2022-02-19 00:51:05 info: [0mPOST /signup?email=test@test.ru&password=12345 [32m201[0m 189.088 ms - 167[0m
2022-02-19 00:56:23 info: [0mPOST /login [32m200[0m 122.634 ms - 166[0m
2022-02-19 00:56:55 info: [0mPOST /login [32m200[0m 111.607 ms - 166[0m
2022-02-19 00:57:08 error: [POST] /login >> StatusCode:: 409, Message:: You're password not matching
2022-02-19 00:57:08 info: [0mPOST /login [33m409[0m 114.114 ms - 42[0m
2022-02-19 00:57:18 error: [POST] /login >> StatusCode:: 400, Message:: email must be an email
2022-02-19 00:57:18 info: [0mPOST /login [33m400[0m 2.083 ms - 36[0m
2022-02-19 00:57:28 error: [POST] /login >> StatusCode:: 409, Message:: You're email test@test.rue not found
2022-02-19 00:57:28 info: [0mPOST /login [33m409[0m 48.696 ms - 50[0m
2022-02-19 00:57:38 info: [0mPOST /login [32m200[0m 119.953 ms - 166[0m
2022-02-19 00:59:04 info: [0mPOST /logout [32m200[0m 109.401 ms - 167[0m
2022-02-19 00:59:18 error: [POST] /logout >> StatusCode:: 404, Message:: Authentication token missing
2022-02-19 00:59:18 info: [0mPOST /logout [33m404[0m 1.604 ms - 42[0m
2022-02-19 00:59:27 error: [POST] /logout >> StatusCode:: 404, Message:: Authentication token missing
2022-02-19 00:59:27 info: [0mPOST /logout [33m404[0m 1.198 ms - 42[0m
2022-02-19 00:59:35 info: [0mPOST /login [32m200[0m 111.430 ms - 166[0m
2022-02-19 01:00:16 info: [0mPOST /logout [32m200[0m 91.620 ms - 167[0m
2022-02-19 01:00:33 error: [POST] /logout >> StatusCode:: 404, Message:: Authentication token missing
2022-02-19 01:00:33 info: [0mPOST /logout [33m404[0m 0.893 ms - 42[0m
2022-02-19 01:03:57 error: [POST] /logout >> StatusCode:: 404, Message:: Authentication token missing
2022-02-19 01:03:57 info: [0mPOST /logout [33m404[0m 0.824 ms - 42[0m
2022-02-19 01:04:03 error: [POST] /logout >> StatusCode:: 404, Message:: Authentication token missing
2022-02-19 01:04:03 info: [0mPOST /logout [33m404[0m 1.340 ms - 42[0m
2022-02-19 01:04:13 info: [0mPOST /login [32m200[0m 110.947 ms - 166[0m
2022-02-19 01:16:44 info: =================================
2022-02-19 01:16:44 info: ======= ENV: development =======
2022-02-19 01:16:44 info: 🚀 App listening on the port 3009
2022-02-19 01:16:44 info: =================================
2022-02-19 01:17:26 info: =================================
2022-02-19 01:17:26 info: ======= ENV: development =======
2022-02-19 01:17:26 info: 🚀 App listening on the port 3009
2022-02-19 01:17:26 info: =================================
2022-02-19 01:19:35 info: =================================
2022-02-19 01:19:35 info: ======= ENV: development =======
2022-02-19 01:19:35 info: 🚀 App listening on the port 3009
2022-02-19 01:19:35 info: =================================
2022-02-19 01:21:20 info: [0mPOST /login [32m200[0m 147.494 ms - 166[0m
2022-02-19 01:23:12 info: [0mGET /users?id=621014c9fc225646bc210d95 [32m200[0m 47.581 ms - 170[0m
2022-02-19 01:23:51 error: [POST] /users >> StatusCode:: 409, Message:: You're email test@test.ru already exists
2022-02-19 01:23:51 info: [0mPOST /users?id=621014c9fc225646bc210d95 [33m409[0m 44.089 ms - 54[0m
2022-02-19 01:24:32 error: [POST] /users >> StatusCode:: 409, Message:: You're email test@test.ru already exists
2022-02-19 01:24:32 info: [0mPOST /users [33m409[0m 312.026 ms - 54[0m
2022-02-19 01:25:24 error: [POST] /login >> StatusCode:: 409, Message:: You're email test2@test.ru not found
2022-02-19 01:25:24 info: [0mPOST /login [33m409[0m 41.502 ms - 50[0m
2022-02-19 01:26:15 info: [0mPOST /signup [32m201[0m 252.604 ms - 168[0m
2022-02-19 01:26:22 info: [0mPOST /signup [32m201[0m 246.732 ms - 168[0m
2022-02-19 01:26:33 info: [0mPOST /signup [32m201[0m 217.208 ms - 168[0m
2022-02-19 01:26:42 error: [POST] /users >> StatusCode:: 409, Message:: You're email test@test.ru already exists
2022-02-19 01:26:42 info: [0mPOST /users [33m409[0m 61.538 ms - 54[0m
2022-02-19 01:27:25 error: [POST] /users >> StatusCode:: 409, Message:: You're email test@test.ru already exists
2022-02-19 01:27:25 info: [0mPOST /users [33m409[0m 42.329 ms - 54[0m
2022-02-19 01:27:29 error: [POST] /signup >> StatusCode:: 409, Message:: You're email test@test.ru already exists
2022-02-19 01:27:29 info: [0mPOST /signup [33m409[0m 57.435 ms - 54[0m
2022-02-19 01:27:34 error: [POST] /users >> StatusCode:: 409, Message:: You're email test@test.ru already exists
2022-02-19 01:27:34 info: [0mPOST /users [33m409[0m 43.602 ms - 54[0m
2022-02-19 01:27:41 error: [POST] /users >> StatusCode:: 409, Message:: You're email test@test.ru already exists
2022-02-19 01:27:41 info: [0mPOST /users [33m409[0m 48.312 ms - 54[0m
2022-02-19 01:27:55 error: [POST] /signup >> StatusCode:: 409, Message:: You're email test@test.ru already exists
2022-02-19 01:27:55 info: [0mPOST /signup [33m409[0m 44.680 ms - 54[0m
2022-02-19 01:28:41 info: [0mPOST /logout [32m200[0m 101.811 ms - 167[0m
2022-02-19 01:28:46 error: [POST] /users >> StatusCode:: 409, Message:: You're email test@test.ru already exists
2022-02-19 01:28:46 info: [0mPOST /users [33m409[0m 44.402 ms - 54[0m
2022-02-19 01:28:55 error: [POST] /logout >> StatusCode:: 404, Message:: Authentication token missing
2022-02-19 01:28:55 info: [0mPOST /logout [33m404[0m 0.963 ms - 42[0m
2022-02-19 01:29:00 error: [POST] /users >> StatusCode:: 409, Message:: You're email test@test.ru already exists
2022-02-19 01:29:00 info: [0mPOST /users [33m409[0m 61.541 ms - 54[0m
2022-02-19 01:29:14 error: [POST] /users >> StatusCode:: 409, Message:: You're email test@test.ru already exists
2022-02-19 01:29:14 info: [0mPOST /users [33m409[0m 115.830 ms - 54[0m
2022-02-19 01:29:45 error: [POST] /logout >> StatusCode:: 404, Message:: Authentication token missing
2022-02-19 01:29:45 info: [0mPOST /logout [33m404[0m 1.000 ms - 42[0m
2022-02-19 01:29:46 error: [POST] /logout >> StatusCode:: 404, Message:: Authentication token missing
2022-02-19 01:29:46 info: [0mPOST /logout [33m404[0m 1.376 ms - 42[0m
2022-02-19 01:30:01 error: [POST] /users >> StatusCode:: 400, Message:: email must be an email, password must be a string
2022-02-19 01:30:01 info: [0mPOST /users [33m400[0m 2.657 ms - 63[0m
2022-02-19 01:30:11 error: [POST] /users >> StatusCode:: 400, Message:: email must be an email, password must be a string
2022-02-19 01:30:11 info: [0mPOST /users [33m400[0m 0.993 ms - 63[0m
2022-02-19 01:30:27 error: [POST] /users >> StatusCode:: 409, Message:: You're email test@test.ru already exists
2022-02-19 01:30:27 info: [0mPOST /users [33m409[0m 43.348 ms - 54[0m
2022-02-19 01:32:41 error: [POST] /users >> StatusCode:: 400, Message:: email must be an email, password must be a string
2022-02-19 01:32:41 info: [0mPOST /users [33m400[0m 0.913 ms - 63[0m
2022-02-19 01:32:50 info: [0mPOST /login [32m200[0m 112.284 ms - 166[0m
2022-02-19 01:32:54 error: [POST] /users >> StatusCode:: 400, Message:: email must be an email, password must be a string
2022-02-19 01:32:54 info: [0mPOST /users [33m400[0m 0.976 ms - 63[0m
2022-02-19 01:33:08 error: [POST] /users >> StatusCode:: 400, Message:: email must be an email, password must be a string
2022-02-19 01:33:08 info: [0mPOST /users [33m400[0m 1.173 ms - 63[0m
2022-02-19 01:33:26 info: [0mGET /users [32m200[0m 41.411 ms - 593[0m
2022-02-19 01:34:44 info: [0mGET /users [32m200[0m 41.294 ms - 593[0m
2022-02-19 01:38:09 error: [POST] /users >> StatusCode:: 400, Message:: property id should not exist, password must be a string
2022-02-19 01:38:09 info: [0mPOST /users [33m400[0m 1.432 ms - 69[0m
2022-02-19 01:38:22 error: [POST] /users >> StatusCode:: 400, Message:: Unexpected token  in JSON at position 40
2022-02-19 01:38:22 info: [0mPOST /users [33m400[0m 4.084 ms - 56[0m
2022-02-19 01:38:36 error: [POST] /users >> StatusCode:: 400, Message:: password must be a string
2022-02-19 01:38:36 info: [0mPOST /users [33m400[0m 1.700 ms - 39[0m
2022-02-19 01:39:00 info: [0mPOST /users [32m201[0m 175.600 ms - 170[0m
2022-02-19 01:39:16 error: [POST] /users >> StatusCode:: 409, Message:: You're email test10@test.ru already exists
2022-02-19 01:39:16 info: [0mPOST /users [33m409[0m 41.285 ms - 56[0m
2022-02-19 01:39:32 info: [0mPOST /users [32m201[0m 211.109 ms - 169[0m
2022-02-19 01:41:02 error: [POST] /users >> StatusCode:: 400, Message:: property id should not exist, email must be an email, password must be a string
2022-02-19 01:41:02 info: [0mPOST /users [33m400[0m 1.187 ms - 93[0m
2022-02-19 01:41:17 info: [0mDELETE /users [33m404[0m 2.678 ms - 147[0m
2022-02-19 01:41:56 info: [0mDELETE /users?id=62102024dce90a37cc6fb430 [33m404[0m 0.661 ms - 147[0m
2022-02-19 01:42:06 info: [0mPOST /login [32m200[0m 129.772 ms - 166[0m
2022-02-19 01:42:30 info: [0mDELETE /users?id=621014c9fc225646bc210d95 [33m404[0m 0.391 ms - 147[0m
2022-02-19 01:43:20 info: [0mDELETE /users?id=621014c9fc225646bc210d95 [33m404[0m 0.709 ms - 147[0m
2022-02-19 01:44:49 info: [0mDELETE /users?id=621014c9fc225646bc210d95 [33m404[0m 0.356 ms - 147[0m
2022-02-19 01:45:47 info: [0mPOST /login [32m200[0m 116.732 ms - 166[0m
2022-02-19 01:46:02 info: [0mDELETE /users?id=621014c9fc225646bc210d95 [33m404[0m 0.652 ms - 147[0m
2022-02-19 01:46:14 info: [0mDELETE /users?id=62101d07dce90a37cc6fb414 [33m404[0m 0.566 ms - 147[0m
2022-02-19 01:46:28 info: [0mDELETE /users?id=621014c9fc225646bc210d95 [33m404[0m 0.860 ms - 147[0m
2022-02-19 01:46:52 info: [0mPOST /login [32m200[0m 127.021 ms - 166[0m
2022-02-19 01:48:22 info: [0mDELETE /users?id=621014c9fc225646bc210d95 [33m404[0m 0.358 ms - 147[0m
2022-02-19 01:48:37 info: [0mDELETE /users?id=621014c9fc225646bc210d95 [33m404[0m 0.353 ms - 147[0m
2022-02-19 01:49:32 info: [0mDELETE /users?id=62101d07dce90a37cc6fb414 [33m404[0m 0.370 ms - 147[0m
2022-02-19 01:50:20 info: [0mDELETE /users?id=62101d07dce90a37cc6fb414 [33m404[0m 0.421 ms - 147[0m
2022-02-19 01:50:48 info: [0mPOST /login [32m200[0m 119.481 ms - 166[0m
2022-02-19 01:51:29 info: [0mDELETE /users [33m404[0m 0.402 ms - 147[0m
2022-02-19 01:51:47 error: [DELETE] /users >> StatusCode:: 400, Message:: Unexpected token } in JSON at position 87
2022-02-19 01:51:47 info: [0mDELETE /users [33m400[0m 1.151 ms - 55[0m
2022-02-19 01:51:59 info: [0mDELETE /users [33m404[0m 0.401 ms - 147[0m
2022-02-19 01:52:28 info: [0mDELETE /users [33m404[0m 0.981 ms - 147[0m
2022-02-19 01:52:36 info: [0mDELETE /users [33m404[0m 0.421 ms - 147[0m
2022-02-19 01:52:53 info: [0mDELETE /users?id=621014c9fc225646bc210d95 [33m404[0m 0.381 ms - 147[0m
2022-02-19 01:53:31 info: [0mDELETE /users?id=621014c9fc225646bc210d95 [33m404[0m 0.320 ms - 147[0m
2022-02-19 01:53:56 info: [0mDELETE /users?id=621014c9fc225646bc210d95 [33m404[0m 0.333 ms - 147[0m
2022-02-19 01:57:15 error: [POST] /users >> StatusCode:: 409, Message:: You're email test@test.ru already exists
2022-02-19 01:57:15 info: [0mPOST /users [33m409[0m 40.748 ms - 54[0m
2022-02-19 01:57:24 info: [0mPOST /users [32m201[0m 166.140 ms - 170[0m
2022-02-19 01:58:55 info: =================================
2022-02-19 01:58:55 info: ======= ENV: development =======
2022-02-19 01:58:55 info: 🚀 App listening on the port 3009
2022-02-19 01:58:55 info: =================================
2022-02-19 02:02:04 info: =================================
2022-02-19 02:02:04 info: ======= ENV: development =======
2022-02-19 02:02:04 info: 🚀 App listening on the port 3009
2022-02-19 02:02:04 info: =================================
2022-02-19 02:02:09 info: [0mPOST /login [32m200[0m 140.771 ms - 166[0m
2022-02-19 02:02:29 info: [0mDELETE /users?id=621014c9fc225646bc210d95 [33m404[0m 3.137 ms - 147[0m
2022-02-19 02:04:06 info: =================================
2022-02-19 02:04:06 info: ======= ENV: development =======
2022-02-19 02:04:06 info: 🚀 App listening on the port 3009
2022-02-19 02:04:06 info: =================================
2022-02-19 02:04:25 info: [0mDELETE /users?id=621014c9fc225646bc210d95 [33m404[0m 3.580 ms - 147[0m
2022-02-19 02:04:43 info: [0mPOST /login [32m200[0m 126.631 ms - 166[0m
2022-02-19 02:05:43 info: =================================
2022-02-19 02:05:43 info: ======= ENV: development =======
2022-02-19 02:05:43 info: 🚀 App listening on the port 3009
2022-02-19 02:05:43 info: =================================
2022-02-19 02:05:44 info: [0mGET /users [32m200[0m 50.834 ms - 1018[0m
2022-02-19 02:05:57 info: =================================
2022-02-19 02:05:57 info: ======= ENV: development =======
2022-02-19 02:05:57 info: 🚀 App listening on the port 3009
2022-02-19 02:05:57 info: =================================
2022-02-19 02:06:01 info: [0mDELETE /users?id=621014c9fc225646bc210d95 [33m404[0m 3.424 ms - 147[0m
2022-02-19 02:07:02 info: =================================
2022-02-19 02:07:02 info: ======= ENV: development =======
2022-02-19 02:07:02 info: 🚀 App listening on the port 3009
2022-02-19 02:07:02 info: =================================
2022-02-19 02:07:03 info: [0mDELETE /users?id=621014c9fc225646bc210d95 [33m404[0m 3.048 ms - 147[0m
2022-02-19 02:07:53 info: =================================
2022-02-19 02:07:53 info: ======= ENV: development =======
2022-02-19 02:07:53 info: 🚀 App listening on the port 3009
2022-02-19 02:07:53 info: =================================
2022-02-19 02:08:00 info: [0mDELETE /users?id=621014c9fc225646bc210d95 [33m404[0m 3.675 ms - 147[0m
2022-02-19 02:08:03 info: [0mDELETE /users?id=621014c9fc225646bc210d95 [33m404[0m 0.702 ms - 147[0m
2022-02-19 02:08:15 info: =================================
2022-02-19 02:08:15 info: ======= ENV: development =======
2022-02-19 02:08:15 info: 🚀 App listening on the port 3009
2022-02-19 02:08:15 info: =================================
2022-02-19 02:08:48 info: =================================
2022-02-19 02:08:48 info: ======= ENV: development =======
2022-02-19 02:08:48 info: 🚀 App listening on the port 3009
2022-02-19 02:08:48 info: =================================
2022-02-19 02:08:53 info: [0mDELETE /users?id=621014c9fc225646bc210d95 [33m404[0m 3.199 ms - 147[0m
2022-02-19 02:09:01 info: [0mDELETE /users?id=621014c9fc225646bc210d95 [33m404[0m 1.807 ms - 147[0m
2022-02-19 02:09:18 info: =================================
2022-02-19 02:09:18 info: ======= ENV: development =======
2022-02-19 02:09:18 info: 🚀 App listening on the port 3009
2022-02-19 02:09:18 info: =================================
2022-02-19 02:09:23 info: =================================
2022-02-19 02:09:23 info: ======= ENV: development =======
2022-02-19 02:09:23 info: 🚀 App listening on the port 3009
2022-02-19 02:09:23 info: =================================
2022-02-19 02:09:39 info: =================================
2022-02-19 02:09:39 info: ======= ENV: development =======
2022-02-19 02:09:39 info: 🚀 App listening on the port 3009
2022-02-19 02:09:39 info: =================================
2022-02-19 02:09:58 info: =================================
2022-02-19 02:09:58 info: ======= ENV: development =======
2022-02-19 02:09:58 info: 🚀 App listening on the port 3009
2022-02-19 02:09:58 info: =================================
2022-02-19 02:10:02 info: [0mDELETE /users?idd=621014c9fc225646bc210d95 [33m404[0m 4.203 ms - 147[0m
2022-02-19 02:10:05 info: [0mDELETE /users?idd=621014c9fc225646bc210d95 [33m404[0m 0.690 ms - 147[0m
2022-02-19 02:10:14 info: =================================
2022-02-19 02:10:14 info: ======= ENV: development =======
2022-02-19 02:10:14 info: 🚀 App listening on the port 3009
2022-02-19 02:10:14 info: =================================
2022-02-19 02:11:08 info: =================================
2022-02-19 02:11:08 info: ======= ENV: development =======
2022-02-19 02:11:08 info: 🚀 App listening on the port 3009
2022-02-19 02:11:08 info: =================================
2022-02-19 02:11:44 info: =================================
2022-02-19 02:11:44 info: ======= ENV: development =======
2022-02-19 02:11:44 info: 🚀 App listening on the port 3009
2022-02-19 02:11:44 info: =================================
2022-02-19 02:11:54 info: =================================
2022-02-19 02:11:54 info: ======= ENV: development =======
2022-02-19 02:11:54 info: 🚀 App listening on the port 3009
2022-02-19 02:11:54 info: =================================
2022-02-19 02:12:50 info: =================================
2022-02-19 02:12:50 info: ======= ENV: development =======
2022-02-19 02:12:50 info: 🚀 App listening on the port 3009
2022-02-19 02:12:50 info: =================================
2022-02-19 02:12:57 info: [0mDELETE /users?idd=621014c9fc225646bc210d95 [33m404[0m 3.639 ms - 147[0m
2022-02-19 02:13:48 info: [0mDELETE /users?idd=621014c9fc225646bc210d95 [33m404[0m 0.891 ms - 147[0m
2022-02-19 02:14:25 info: =================================
2022-02-19 02:14:25 info: ======= ENV: development =======
2022-02-19 02:14:25 info: 🚀 App listening on the port 3009
2022-02-19 02:14:25 info: =================================
2022-02-19 02:14:40 info: =================================
2022-02-19 02:14:40 info: ======= ENV: development =======
2022-02-19 02:14:40 info: 🚀 App listening on the port 3009
2022-02-19 02:14:40 info: =================================
2022-02-19 02:14:43 info: [0mDELETE /users?idd=621014c9fc225646bc210d95 [33m404[0m 3.624 ms - 147[0m
2022-02-19 02:15:40 info: =================================
2022-02-19 02:15:40 info: ======= ENV: development =======
2022-02-19 02:15:40 info: 🚀 App listening on the port 3009
2022-02-19 02:15:40 info: =================================
2022-02-19 02:15:52 info: [0mDELETE /users/del?idd=621014c9fc225646bc210d95 [33m404[0m 3.681 ms - 151[0m
2022-02-19 02:15:53 info: [0mDELETE /users/del?idd=621014c9fc225646bc210d95 [33m404[0m 0.948 ms - 151[0m
2022-02-19 02:16:06 info: [0mDELETE /users/del?id=621014c9fc225646bc210d95 [33m404[0m 0.732 ms - 151[0m
2022-02-19 02:16:10 info: [0mDELETE /users/del?id=621014c9fc225646bc210d95 [33m404[0m 0.453 ms - 151[0m
2022-02-19 02:16:37 info: [0mDELETE /users/del/id=621014c9fc225646bc210d95 [33m404[0m 0.389 ms - 179[0m
2022-02-19 02:16:44 info: [0mDELETE /users/del/id=621014c9fc225646bc210d95 [33m404[0m 0.402 ms - 179[0m
2022-02-19 02:16:57 info: [0mDELETE /users/del/621014c9fc225646bc210d95 [33m404[0m 0.416 ms - 176[0m
2022-02-19 02:17:05 info: [0mDELETE /users/del?621014c9fc225646bc210d95 [33m404[0m 0.455 ms - 151[0m
2022-02-19 02:17:14 info: [0mDELETE /users/del?id=621014c9fc225646bc210d95 [33m404[0m 0.916 ms - 151[0m
2022-02-19 02:17:35 error: [GET] /users/del >> StatusCode:: 500, Message:: Cast to ObjectId failed for value "del" (type string) at path "_id" for model "User"
2022-02-19 02:17:35 info: [0mGET /users/del?id=621014c9fc225646bc210d95 [31m500[0m 5.313 ms - 104[0m
2022-02-19 02:18:52 info: [0mPOST /login [32m200[0m 136.505 ms - 166[0m
2022-02-19 02:19:04 error: [GET] /users/del >> StatusCode:: 500, Message:: Cast to ObjectId failed for value "del" (type string) at path "_id" for model "User"
2022-02-19 02:19:04 info: [0mGET /users/del?id=621014c9fc225646bc210d95 [31m500[0m 1.144 ms - 104[0m
2022-02-19 02:19:24 info: =================================
2022-02-19 02:19:24 info: ======= ENV: development =======
2022-02-19 02:19:24 info: 🚀 App listening on the port 3009
2022-02-19 02:19:24 info: =================================
2022-02-19 02:19:28 info: [0mGET /users/del?id=621014c9fc225646bc210d95 [32m200[0m 3.423 ms - 12[0m
2022-02-19 02:19:28 error: [GET] /users/del >> StatusCode:: 500, Message:: Cast to ObjectId failed for value "del" (type string) at path "_id" for model "User"
2022-02-19 02:19:57 info: =================================
2022-02-19 02:19:57 info: ======= ENV: development =======
2022-02-19 02:19:57 info: 🚀 App listening on the port 3009
2022-02-19 02:19:57 info: =================================
2022-02-19 02:20:48 info: [0mGET /users?id=621014c9fc225646bc210d95 [32m200[0m 58.646 ms - 1018[0m
2022-02-19 02:21:43 info: =================================
2022-02-19 02:21:43 info: ======= ENV: development =======
2022-02-19 02:21:43 info: 🚀 App listening on the port 3009
2022-02-19 02:21:43 info: =================================
2022-02-19 02:21:46 info: [0mGET /users?id=621014c9fc225646bc210d95 [32m200[0m 61.968 ms - 1018[0m
2022-02-19 02:22:36 info: [0mGET /users [32m200[0m 54.795 ms - 1018[0m
2022-02-19 02:23:27 info: =================================
2022-02-19 02:23:27 info: ======= ENV: development =======
2022-02-19 02:23:27 info: 🚀 App listening on the port 3009
2022-02-19 02:23:27 info: =================================
2022-02-19 02:23:30 info: [0mPOST /users [33m404[0m 11.924 ms - 145[0m
2022-02-19 02:24:08 info: =================================
2022-02-19 02:24:08 info: ======= ENV: development =======
2022-02-19 02:24:08 info: 🚀 App listening on the port 3009
2022-02-19 02:24:08 info: =================================
2022-02-19 02:24:17 info: [0mPOST /users [33m404[0m 13.724 ms - 145[0m
2022-02-19 02:24:19 info: [0mPOST /users [33m404[0m 0.970 ms - 145[0m
2022-02-19 02:24:35 info: =================================
2022-02-19 02:24:35 info: ======= ENV: development =======
2022-02-19 02:24:35 info: 🚀 App listening on the port 3009
2022-02-19 02:24:35 info: =================================
2022-02-19 02:24:40 info: [0mPOST /users [33m404[0m 12.556 ms - 145[0m
2022-02-19 02:24:41 info: [0mPOST /users [33m404[0m 1.014 ms - 145[0m
2022-02-19 02:24:42 info: [0mPOST /users [33m404[0m 0.717 ms - 145[0m
2022-02-19 02:24:43 info: [0mPOST /users [33m404[0m 0.618 ms - 145[0m
2022-02-19 02:24:45 info: [0mPOST /users [33m404[0m 1.112 ms - 145[0m
2022-02-19 02:24:51 info: [0mDELETE /users [33m404[0m 0.876 ms - 147[0m
2022-02-19 02:24:54 info: [0mDELETE /users [33m404[0m 0.648 ms - 147[0m
2022-02-19 02:24:55 info: [0mDELETE /users [33m404[0m 0.486 ms - 147[0m
2022-02-19 02:24:56 info: [0mDELETE /users [33m404[0m 0.464 ms - 147[0m
2022-02-19 02:25:42 info: [0mPUT /users?id=621014c9fc225646bc210d95 [33m404[0m 1.928 ms - 144[0m
2022-02-19 02:26:14 info: [0mPUT /users [33m404[0m 0.454 ms - 144[0m
2022-02-19 02:26:50 info: [0mPUT /users [33m404[0m 0.654 ms - 144[0m
2022-02-19 02:27:12 info: [0mPOST /login [32m200[0m 142.131 ms - 166[0m
2022-02-19 02:27:49 info: [0mPUT /users [33m404[0m 0.441 ms - 144[0m
2022-02-19 02:27:51 info: [0mPUT /users [33m404[0m 0.447 ms - 144[0m
2022-02-19 02:28:07 info: =================================
2022-02-19 02:28:07 info: ======= ENV: development =======
2022-02-19 02:28:07 info: 🚀 App listening on the port 3009
2022-02-19 02:28:07 info: =================================
2022-02-19 02:28:15 info: [0mPUT /users [33m404[0m 13.753 ms - 144[0m
2022-02-19 02:28:17 info: [0mPUT /users [33m404[0m 1.586 ms - 144[0m
2022-02-19 02:28:18 info: [0mPUT /users [33m404[0m 0.500 ms - 144[0m
2022-02-19 02:28:57 info: =================================
2022-02-19 02:28:57 info: ======= ENV: development =======
2022-02-19 02:28:57 info: 🚀 App listening on the port 3009
2022-02-19 02:28:57 info: =================================
2022-02-19 02:29:03 info: [0mPUT /users [33m404[0m 10.873 ms - 144[0m
2022-02-19 02:29:04 info: [0mPUT /users [33m404[0m 1.043 ms - 144[0m
2022-02-19 02:29:05 info: [0mPUT /users [33m404[0m 0.783 ms - 144[0m
2022-02-19 02:30:20 info: =================================
2022-02-19 02:30:20 info: ======= ENV: development =======
2022-02-19 02:30:20 info: 🚀 App listening on the port 3009
2022-02-19 02:30:20 info: =================================
2022-02-19 02:30:24 info: [0mPUT /users [33m404[0m 14.568 ms - 144[0m
2022-02-19 02:30:28 info: [0mPOST /login [32m200[0m 385.163 ms - 166[0m
2022-02-19 02:30:37 error: [POST] /signup >> StatusCode:: 409, Message:: You're email test4@test.ru already exists
2022-02-19 02:30:37 info: [0mPOST /signup [33m409[0m 47.178 ms - 55[0m
2022-02-19 02:30:43 info: [0mPOST /signup [32m201[0m 170.536 ms - 169[0m
2022-02-19 02:31:03 info: [0mPUT /users [33m404[0m 0.620 ms - 144[0m
2022-02-19 02:31:19 info: [0mGET /users [32m200[0m 46.000 ms - -[0m
2022-02-19 02:31:25 info: [0mGET /users?id=621014c9fc225646bc210d95 [32m200[0m 39.251 ms - -[0m
2022-02-19 02:31:50 info: =================================
2022-02-19 02:31:50 info: ======= ENV: development =======
2022-02-19 02:31:50 info: 🚀 App listening on the port 3009
2022-02-19 02:31:50 info: =================================
2022-02-19 02:33:14 info: =================================
2022-02-19 02:33:14 info: ======= ENV: development =======
2022-02-19 02:33:14 info: 🚀 App listening on the port 3009
2022-02-19 02:33:14 info: =================================
2022-02-19 02:34:25 info: [0mPOST /login [32m200[0m 157.685 ms - 166[0m
2022-02-19 02:34:34 info: [0mPUT /users [33m404[0m 2.342 ms - 144[0m
2022-02-19 02:34:57 info: [0mGET /users [32m200[0m 48.443 ms - -[0m
2022-02-19 02:35:09 info: [0mGET /users?id=621014c9fc225646bc210d95 [32m200[0m 43.160 ms - -[0m
2022-02-19 02:37:31 info: =================================
2022-02-19 02:37:31 info: ======= ENV: development =======
2022-02-19 02:37:31 info: 🚀 App listening on the port 3009
2022-02-19 02:37:31 info: =================================
2022-02-19 02:37:40 info: [0mDELETE /users [32m200[0m 4.176 ms - 12[0m
2022-02-19 02:39:03 info: =================================
2022-02-19 02:39:03 info: ======= ENV: development =======
2022-02-19 02:39:03 info: 🚀 App listening on the port 3009
2022-02-19 02:39:03 info: =================================
2022-02-19 02:39:19 info: [0mDELETE /users?id=ddd [33m404[0m 4.136 ms - 147[0m
2022-02-19 02:39:47 info: =================================
2022-02-19 02:39:47 info: ======= ENV: development =======
2022-02-19 02:39:47 info: 🚀 App listening on the port 3009
2022-02-19 02:39:47 info: =================================
2022-02-19 02:39:49 info: [0mDELETE /users?id=ddd [33m404[0m 3.318 ms - 147[0m
2022-02-19 02:40:02 info: =================================
2022-02-19 02:40:02 info: ======= ENV: development =======
2022-02-19 02:40:02 info: 🚀 App listening on the port 3009
2022-02-19 02:40:02 info: =================================
2022-02-19 02:40:06 info: [0mDELETE /users?id=ddd [33m404[0m 3.385 ms - 147[0m
2022-02-19 02:40:08 info: [0mDELETE /users?id=ddd [33m404[0m 0.654 ms - 147[0m
2022-02-19 02:40:09 info: [0mDELETE /users?id=ddd [33m404[0m 0.378 ms - 147[0m
2022-02-19 02:40:09 info: [0mDELETE /users?id=ddd [33m404[0m 0.399 ms - 147[0m
2022-02-19 02:41:02 info: =================================
2022-02-19 02:41:02 info: ======= ENV: development =======
2022-02-19 02:41:02 info: 🚀 App listening on the port 3009
2022-02-19 02:41:02 info: =================================
2022-02-19 02:41:02 info: [0mDELETE /users?id=ddd [33m404[0m 7.502 ms - 147[0m
2022-02-19 02:41:04 info: [0mDELETE /users?id=ddd [33m404[0m 0.836 ms - 147[0m
2022-02-19 02:41:16 info: =================================
2022-02-19 02:41:16 info: ======= ENV: development =======
2022-02-19 02:41:16 info: 🚀 App listening on the port 3009
2022-02-19 02:41:16 info: =================================
2022-02-19 02:41:17 info: [0mDELETE /users?id=ddd [33m404[0m 2.843 ms - 147[0m
2022-02-19 02:41:18 info: [0mDELETE /users?id=ddd [33m404[0m 1.005 ms - 147[0m
2022-02-19 02:41:37 info: =================================
2022-02-19 02:41:37 info: ======= ENV: development =======
2022-02-19 02:41:37 info: 🚀 App listening on the port 3009
2022-02-19 02:41:37 info: =================================
2022-02-19 02:41:41 info: [0mDELETE /users?id=ddd [33m404[0m 3.805 ms - 147[0m
2022-02-19 02:41:41 info: [0mDELETE /users?id=ddd [33m404[0m 1.005 ms - 147[0m
2022-02-19 02:41:42 info: [0mDELETE /users?id=ddd [33m404[0m 0.354 ms - 147[0m
2022-02-19 02:41:43 info: [0mDELETE /users?id=ddd [33m404[0m 0.692 ms - 147[0m
2022-02-19 02:41:44 info: [0mDELETE /users?id=ddd [33m404[0m 0.847 ms - 147[0m
2022-02-19 02:43:07 info: =================================
2022-02-19 02:43:07 info: ======= ENV: development =======
2022-02-19 02:43:07 info: 🚀 App listening on the port 3009
2022-02-19 02:43:07 info: =================================
2022-02-19 02:43:12 info: [0mDELETE /users?id=ddd [33m404[0m 4.660 ms - 147[0m
2022-02-19 02:43:13 info: [0mDELETE /users?id=ddd [33m404[0m 0.595 ms - 147[0m
2022-02-19 02:43:18 info: [0mGET /users [33m404[0m 0.372 ms - 144[0m
2022-02-19 02:43:27 info: =================================
2022-02-19 02:43:27 info: ======= ENV: development =======
2022-02-19 02:43:27 info: 🚀 App listening on the port 3009
2022-02-19 02:43:27 info: =================================
2022-02-19 02:43:28 info: [0mGET /users [32m200[0m 57.041 ms - -[0m
2022-02-19 02:43:33 info: [0mDELETE /users?id=ddd [33m404[0m 1.945 ms - 147[0m
2022-02-19 02:43:33 info: [0mDELETE /users?id=ddd [33m404[0m 1.032 ms - 147[0m
2022-02-19 02:43:34 info: [0mDELETE /users?id=ddd [33m404[0m 0.420 ms - 147[0m
2022-02-19 02:45:31 info: =================================
2022-02-19 02:45:31 info: ======= ENV: development =======
2022-02-19 02:45:31 info: 🚀 App listening on the port 3009
2022-02-19 02:45:31 info: =================================
2022-02-19 02:46:58 info: =================================
2022-02-19 02:46:58 info: ======= ENV: development =======
2022-02-19 02:46:58 info: 🚀 App listening on the port 3009
2022-02-19 02:46:58 info: =================================
2022-02-19 02:47:13 info: [0mDELETE /delete?id=ddd [33m404[0m 3.270 ms - 148[0m
2022-02-19 02:47:34 info: =================================
2022-02-19 02:47:35 info: ======= ENV: development =======
2022-02-19 02:47:35 info: 🚀 App listening on the port 3009
2022-02-19 02:47:35 info: =================================
2022-02-19 02:47:37 error: [DELETE] /delete >> StatusCode:: 409, Message:: You're not user
2022-02-19 02:47:37 info: [0mDELETE /delete?id=ddd [33m409[0m 51.457 ms - 29[0m
2022-02-19 02:47:49 error: [DELETE] /delete >> StatusCode:: 409, Message:: You're not user
2022-02-19 02:47:49 info: [0mDELETE /delete [33m409[0m 38.666 ms - 29[0m
2022-02-19 02:48:15 info: =================================
2022-02-19 02:48:15 info: ======= ENV: development =======
2022-02-19 02:48:15 info: 🚀 App listening on the port 3009
2022-02-19 02:48:15 info: =================================
2022-02-19 02:48:22 info: [0mDELETE /delete?id=621014c9fc225646bc210d95 [33m404[0m 6.742 ms - 148[0m
2022-02-19 02:48:30 info: =================================
2022-02-19 02:48:30 info: ======= ENV: development =======
2022-02-19 02:48:30 info: 🚀 App listening on the port 3009
2022-02-19 02:48:30 info: =================================
2022-02-19 02:49:23 info: =================================
2022-02-19 02:49:23 info: ======= ENV: development =======
2022-02-19 02:49:23 info: 🚀 App listening on the port 3009
2022-02-19 02:49:23 info: =================================
2022-02-19 02:49:24 info: [0mDELETE /delete?id=621014c9fc225646bc210d95 [33m404[0m 3.049 ms - 148[0m
2022-02-19 02:49:26 info: [0mDELETE /delete?id=621014c9fc225646bc210d95 [33m404[0m 0.759 ms - 148[0m
2022-02-19 02:49:29 info: [0mDELETE /delete?id=621014c9fc225646bc210d95 [33m404[0m 0.654 ms - 148[0m
2022-02-19 02:49:47 info: =================================
2022-02-19 02:49:47 info: ======= ENV: development =======
2022-02-19 02:49:47 info: 🚀 App listening on the port 3009
2022-02-19 02:49:47 info: =================================
2022-02-19 02:49:49 info: [0mDELETE /delete?id=621014c9fc225646bc210d95 [33m404[0m 3.270 ms - 148[0m
2022-02-19 02:49:50 info: [0mDELETE /delete?id=621014c9fc225646bc210d95 [33m404[0m 0.746 ms - 148[0m
2022-02-19 02:50:05 info: =================================
2022-02-19 02:50:05 info: ======= ENV: development =======
2022-02-19 02:50:05 info: 🚀 App listening on the port 3009
2022-02-19 02:50:05 info: =================================
2022-02-19 02:50:09 info: [0mDELETE /delete?id=621014c9fc225646bc210d95 [33m404[0m 4.143 ms - 148[0m
2022-02-19 02:50:10 info: [0mDELETE /delete?id=621014c9fc225646bc210d95 [33m404[0m 1.047 ms - 148[0m
2022-02-19 02:50:10 info: [0mDELETE /delete?id=621014c9fc225646bc210d95 [33m404[0m 0.397 ms - 148[0m
2022-02-19 02:50:15 info: =================================
2022-02-19 02:50:15 info: ======= ENV: development =======
2022-02-19 02:50:15 info: 🚀 App listening on the port 3009
2022-02-19 02:50:15 info: =================================
2022-02-19 02:50:18 info: [0mDELETE /delete?id=621014c9fc225646bc210d95 [33m404[0m 3.207 ms - 148[0m
2022-02-19 02:50:19 info: [0mDELETE /delete?id=621014c9fc225646bc210d95 [33m404[0m 0.727 ms - 148[0m
2022-02-19 02:50:20 info: [0mDELETE /delete?id=621014c9fc225646bc210d95 [33m404[0m 0.394 ms - 148[0m
2022-02-19 02:51:17 info: =================================
2022-02-19 02:51:17 info: ======= ENV: development =======
2022-02-19 02:51:17 info: 🚀 App listening on the port 3009
2022-02-19 02:51:17 info: =================================
2022-02-19 02:51:49 info: =================================
2022-02-19 02:51:49 info: ======= ENV: development =======
2022-02-19 02:51:49 info: 🚀 App listening on the port 3009
2022-02-19 02:51:49 info: =================================
2022-02-19 02:51:54 info: [0mDELETE /delete?id=621014c9fc225646bc210d95 [33m404[0m 3.794 ms - 148[0m
2022-02-19 02:52:07 info: [0mDELETE /users [33m404[0m 2.518 ms - 147[0m
2022-02-19 02:52:20 info: =================================
2022-02-19 02:52:20 info: ======= ENV: development =======
2022-02-19 02:52:20 info: 🚀 App listening on the port 3009
2022-02-19 02:52:20 info: =================================
2022-02-19 02:52:21 info: [0mDELETE /users [32m200[0m 3.175 ms - 12[0m
2022-02-19 02:52:39 info: =================================
2022-02-19 02:52:39 info: ======= ENV: development =======
2022-02-19 02:52:39 info: 🚀 App listening on the port 3009
2022-02-19 02:52:39 info: =================================
2022-02-19 02:52:39 info: [0mDELETE /users?id=621014c9fc225646bc210d95 [33m404[0m 3.488 ms - 147[0m
2022-02-19 02:52:40 info: [0mDELETE /users?id=621014c9fc225646bc210d95 [33m404[0m 0.716 ms - 147[0m
2022-02-19 02:52:57 info: =================================
2022-02-19 02:52:57 info: ======= ENV: development =======
2022-02-19 02:52:57 info: 🚀 App listening on the port 3009
2022-02-19 02:52:57 info: =================================
2022-02-19 02:53:01 info: [0mDELETE /users/id=621014c9fc225646bc210d95 [33m404[0m 3.685 ms - 175[0m
2022-02-19 02:53:02 info: [0mDELETE /users/id=621014c9fc225646bc210d95 [33m404[0m 1.192 ms - 175[0m
2022-02-19 02:53:07 info: [0mDELETE /users/id [32m200[0m 2.618 ms - 12[0m
2022-02-19 02:53:40 info: [0mDELETE /users/id [32m200[0m 0.427 ms - 12[0m
2022-02-19 02:54:03 info: [0mDELETE /users/id=621014c9fc225646bc210d95 [33m404[0m 0.396 ms - 175[0m
2022-02-19 02:54:23 info: [0mDELETE /users?id=621014c9fc225646bc210d95 [33m404[0m 0.420 ms - 147[0m
2022-02-19 02:54:34 info: =================================
2022-02-19 02:54:34 info: ======= ENV: development =======
2022-02-19 02:54:34 info: 🚀 App listening on the port 3009
2022-02-19 02:54:34 info: =================================
2022-02-19 02:54:37 info: [0mDELETE /users?id=621014c9fc225646bc210d95 [33m404[0m 3.250 ms - 147[0m
2022-02-19 02:54:38 info: [0mDELETE /users?id=621014c9fc225646bc210d95 [33m404[0m 0.701 ms - 147[0m
2022-02-19 02:57:51 info: =================================
2022-02-19 02:57:51 info: ======= ENV: development =======
2022-02-19 02:57:51 info: 🚀 App listening on the port 3009
2022-02-19 02:57:51 info: =================================
2022-02-19 02:57:57 info: [0mDELETE /users?id=621014c9fc225646bc210d95 [32m200[0m 4.296 ms - 33[0m
2022-02-19 02:58:37 info: =================================
2022-02-19 02:58:37 info: ======= ENV: development =======
2022-02-19 02:58:37 info: 🚀 App listening on the port 3009
2022-02-19 02:58:37 info: =================================
2022-02-19 02:58:40 info: [0mDELETE /users?id=621014c9fc225646bc210d95 [33m404[0m 3.727 ms - 147[0m
2022-02-19 03:00:25 info: =================================
2022-02-19 03:00:25 info: ======= ENV: development =======
2022-02-19 03:00:25 info: 🚀 App listening on the port 3009
2022-02-19 03:00:25 info: =================================
2022-02-19 03:01:11 info: =================================
2022-02-19 03:01:11 info: ======= ENV: development =======
2022-02-19 03:01:11 info: 🚀 App listening on the port 3009
2022-02-19 03:01:11 info: =================================
2022-02-19 03:01:12 info: [0mDELETE /users?id=621014c9fc225646bc210d95 [32m200[0m 58.022 ms - 168[0m
2022-02-19 03:01:50 error: [POST] /login >> StatusCode:: 409, Message:: You're email test@test.ru not found
2022-02-19 03:01:50 info: [0mPOST /login [33m409[0m 70.214 ms - 49[0m
2022-02-19 03:02:21 error: [POST] /login >> StatusCode:: 409, Message:: You're email test144@test.ru not found
2022-02-19 03:02:21 info: [0mPOST /login [33m409[0m 41.423 ms - 52[0m
2022-02-19 03:02:54 info: [0mPOST /login [32m200[0m 119.558 ms - 167[0m
2022-02-19 03:03:11 info: [0mPUT /users [33m404[0m 0.973 ms - 144[0m
2022-02-19 03:04:09 error: [DELETE] /users >> StatusCode:: 409, Message:: You're not user
2022-02-19 03:04:09 info: [0mDELETE /users?id=621014c9fc225646bc210d95 [33m409[0m 43.981 ms - 29[0m
2022-02-19 03:04:26 info: [0mDELETE /users?id=62101d07dce90a37cc6fb414 [32m200[0m 43.302 ms - 169[0m
2022-02-19 03:17:33 info: =================================
2022-02-19 03:17:33 info: ======= ENV: development =======
2022-02-19 03:17:33 info: 🚀 App listening on the port 3009
2022-02-19 03:17:33 info: =================================
2022-02-19 03:21:13 info: =================================
2022-02-19 03:21:13 info: ======= ENV: development =======
2022-02-19 03:21:13 info: 🚀 App listening on the port 3009
2022-02-19 03:21:13 info: =================================
2022-02-19 03:29:30 info: =================================
2022-02-19 03:29:30 info: ======= ENV: development =======
2022-02-19 03:29:30 info: 🚀 App listening on the port 3009
2022-02-19 03:29:30 info: =================================
2022-02-19 03:30:11 info: =================================
2022-02-19 03:30:11 info: ======= ENV: development =======
2022-02-19 03:30:11 info: 🚀 App listening on the port 3009
2022-02-19 03:30:11 info: =================================
2022-02-19 03:30:18 info: [0mDELETE /users?id=62101d07dce90a37cc6fb414 [33m404[0m 3.139 ms - 147[0m
2022-02-19 03:32:48 info: =================================
2022-02-19 03:32:48 info: ======= ENV: development =======
2022-02-19 03:32:48 info: 🚀 App listening on the port 3009
2022-02-19 03:32:48 info: =================================
2022-02-19 03:32:52 info: [0mDELETE /users?id=62101d07dce90a37cc6fb414 [33m404[0m 3.842 ms - 147[0m
2022-02-19 03:32:53 info: [0mDELETE /users?id=62101d07dce90a37cc6fb414 [33m404[0m 1.087 ms - 147[0m
2022-02-19 03:32:59 info: =================================
2022-02-19 03:32:59 info: ======= ENV: development =======
2022-02-19 03:32:59 info: 🚀 App listening on the port 3009
2022-02-19 03:32:59 info: =================================
2022-02-19 03:33:14 info: =================================
2022-02-19 03:33:14 info: ======= ENV: development =======
2022-02-19 03:33:14 info: 🚀 App listening on the port 3009
2022-02-19 03:33:14 info: =================================
2022-02-19 03:33:17 info: [0mDELETE /users?id=62101d07dce90a37cc6fb414 [33m404[0m 3.311 ms - 147[0m
2022-02-19 03:33:18 info: [0mDELETE /users?id=62101d07dce90a37cc6fb414 [33m404[0m 0.704 ms - 147[0m
2022-02-19 03:33:22 info: [0mDELETE /users?id=62101d07dce90a37cc6fb414 [33m404[0m 1.384 ms - 147[0m
2022-02-19 03:33:28 info: =================================
2022-02-19 03:33:28 info: ======= ENV: development =======
2022-02-19 03:33:28 info: 🚀 App listening on the port 3009
2022-02-19 03:33:28 info: =================================
2022-02-19 03:33:35 info: [0mDELETE /users?id=62101d07dce90a37cc6fb414 [33m404[0m 4.438 ms - 147[0m
2022-02-19 03:35:31 info: =================================
2022-02-19 03:35:31 info: ======= ENV: development =======
2022-02-19 03:35:31 info: 🚀 App listening on the port 3009
2022-02-19 03:35:31 info: =================================
2022-02-19 03:35:32 info: [0mDELETE /users?id=62101d07dce90a37cc6fb414 [33m404[0m 3.544 ms - 147[0m
2022-02-19 03:35:33 info: [0mDELETE /users?id=62101d07dce90a37cc6fb414 [33m404[0m 1.005 ms - 147[0m
2022-02-19 03:36:22 info: =================================
2022-02-19 03:36:22 info: ======= ENV: development =======
2022-02-19 03:36:22 info: 🚀 App listening on the port 3009
2022-02-19 03:36:22 info: =================================
2022-02-19 03:40:00 info: [0mGET /users?id=62101d07dce90a37cc6fb414 [32m200[0m 61.585 ms - 879[0m
2022-02-19 03:40:25 info: =================================
2022-02-19 03:40:25 info: ======= ENV: development =======
2022-02-19 03:40:25 info: 🚀 App listening on the port 3009
2022-02-19 03:40:25 info: =================================
2022-02-19 03:40:30 info: [0mGET /users?id=62101d07dce90a37cc6fb414 [32m200[0m 57.139 ms - 879[0m
2022-02-19 03:40:31 info: [0mGET /users?id=62101d07dce90a37cc6fb414 [32m200[0m 48.616 ms - 879[0m
2022-02-19 03:40:57 info: =================================
2022-02-19 03:40:57 info: ======= ENV: development =======
2022-02-19 03:40:57 info: 🚀 App listening on the port 3009
2022-02-19 03:40:57 info: =================================
2022-02-19 03:42:00 info: =================================
2022-02-19 03:42:00 info: ======= ENV: development =======
2022-02-19 03:42:00 info: 🚀 App listening on the port 3009
2022-02-19 03:42:00 info: =================================
2022-02-19 03:42:06 info: =================================
2022-02-19 03:42:06 info: ======= ENV: development =======
2022-02-19 03:42:06 info: 🚀 App listening on the port 3009
2022-02-19 03:42:06 info: =================================
2022-02-19 03:42:36 info: =================================
2022-02-19 03:42:36 info: ======= ENV: development =======
2022-02-19 03:42:36 info: 🚀 App listening on the port 3009
2022-02-19 03:42:36 info: =================================
2022-02-19 03:42:39 info: [0mGET /users?id=62101d07dce90a37cc6fb414 [32m200[0m 60.486 ms - 879[0m
2022-02-19 03:42:44 info: [0mGET /users?id=62101d07dce90a37cc6fb414 [32m200[0m 39.705 ms - 879[0m
2022-02-19 03:42:50 info: =================================
2022-02-19 03:42:50 info: ======= ENV: development =======
2022-02-19 03:42:50 info: 🚀 App listening on the port 3009
2022-02-19 03:42:50 info: =================================
2022-02-19 03:42:52 info: [0mGET /users?id=62101d07dce90a37cc6fb414 [32m200[0m 50.577 ms - 879[0m
2022-02-19 03:47:49 error: [GET] /users/62101d07dce90a37cc6fb414 >> StatusCode:: 409, Message:: You're not user
2022-02-19 03:47:49 info: [0mGET /users/62101d07dce90a37cc6fb414 [33m409[0m 48.517 ms - 29[0m
2022-02-19 03:48:25 error: [POST] /login >> StatusCode:: 409, Message:: You're email test2@test.ru not found
2022-02-19 03:48:25 info: [0mPOST /login [33m409[0m 67.923 ms - 50[0m
2022-02-19 03:49:09 info: [0mPOST /login [32m200[0m 125.253 ms - 168[0m
2022-02-19 03:49:23 info: [0mDELETE /users/62102c23a8be3e0d0ceec02a [32m200[0m 0.708 ms - 2[0m
2022-02-19 03:49:59 info: =================================
2022-02-19 03:49:59 info: ======= ENV: development =======
2022-02-19 03:49:59 info: 🚀 App listening on the port 3009
2022-02-19 03:49:59 info: =================================
2022-02-19 03:50:29 info: =================================
2022-02-19 03:50:29 info: ======= ENV: development =======
2022-02-19 03:50:29 info: 🚀 App listening on the port 3009
2022-02-19 03:50:29 info: =================================
2022-02-19 03:50:50 info: [0mDELETE /users/62102c23a8be3e0d0ceec02a [32m200[0m 59.576 ms - 170[0m
2022-02-19 03:53:57 info: =================================
2022-02-19 03:53:57 info: ======= ENV: development =======
2022-02-19 03:53:57 info: 🚀 App listening on the port 3009
2022-02-19 03:53:57 info: =================================
2022-02-19 03:59:34 info: =================================
2022-02-19 03:59:34 info: ======= ENV: development =======
2022-02-19 03:59:34 info: 🚀 App listening on the port 3009
2022-02-19 03:59:34 info: =================================
2022-02-19 04:02:15 error: [POST] /signup >> StatusCode:: 400, Message:: Unexpected token , in JSON at position 73
2022-02-19 04:02:15 info: [0mPOST /signup [33m400[0m 17.327 ms - 55[0m
2022-02-19 04:03:04 error: [POST] /signup >> StatusCode:: 400, Message:: property name should not exist, property avatar should not exist
2022-02-19 04:03:04 info: [0mPOST /signup [33m400[0m 7.852 ms - 78[0m
2022-02-19 04:10:24 info: =================================
2022-02-19 04:10:24 info: ======= ENV: development =======
2022-02-19 04:10:24 info: 🚀 App listening on the port 3009
2022-02-19 04:10:24 info: =================================
2022-02-19 04:10:35 info: [0mPOST /signup [32m201[0m 188.423 ms - 261[0m
2022-02-19 04:25:27 info: =================================
2022-02-19 04:25:27 info: ======= ENV: development =======
2022-02-19 04:25:27 info: 🚀 App listening on the port 3009
2022-02-19 04:25:27 info: =================================
2022-02-19 04:31:17 info: [0mPOST /signup [32m201[0m 203.938 ms - 203[0m
2022-02-19 04:37:50 error: [POST] /signup >> StatusCode:: 409, Message:: You're email example@email.com already exists
2022-02-19 04:37:50 info: [0mPOST /signup [33m409[0m 50.406 ms - 59[0m
2022-02-19 04:56:21 error: [GET] /users/1 >> StatusCode:: 500, Message:: Cast to ObjectId failed for value "1" (type string) at path "_id" for model "User"
2022-02-19 04:56:21 info: [0mGET /users/1 [31m500[0m 2.199 ms - 102[0m
2022-02-19 04:56:31 info: [0mGET /users [32m200[0m 57.706 ms - 440[0m
2022-02-19 04:56:35 error: [GET] /users/1 >> StatusCode:: 500, Message:: Cast to ObjectId failed for value "1" (type string) at path "_id" for model "User"
2022-02-19 04:56:35 info: [0mGET /users/1 [31m500[0m 1.585 ms - 102[0m
2022-02-19 04:58:14 info: [0mPOST /users [33m404[0m 1.534 ms - 145[0m
2022-02-19 04:58:45 info: [0mPOST /users [33m404[0m 0.660 ms - 145[0m
2022-02-19 04:58:52 info: [0mPOST /users [33m404[0m 0.462 ms - 145[0m
2022-02-19 04:59:20 error: [PUT] /users/1 >> StatusCode:: 409, Message:: You're email example@email.com already exists
2022-02-19 04:59:20 info: [0mPUT /users/1 [33m409[0m 48.094 ms - 59[0m
2022-02-19 04:59:44 error: [DELETE] /users/1 >> StatusCode:: 500, Message:: Cast to ObjectId failed for value "1" (type string) at path "_id" for model "User"
2022-02-19 04:59:44 info: [0mDELETE /users/1 [31m500[0m 2.219 ms - 102[0m
2022-02-19 05:00:11 info: [0mGET /users [32m200[0m 39.700 ms - 440[0m
2022-02-19 05:00:50 error: [POST] /signup >> StatusCode:: 409, Message:: You're email example@email.com already exists
2022-02-19 05:00:50 info: [0mPOST /signup [33m409[0m 41.217 ms - 59[0m
2022-02-19 05:01:09 info: [0mPOST /signup [32m201[0m 158.469 ms - 204[0m
2022-02-19 05:01:16 error: [POST] /login >> StatusCode:: 400, Message:: avatar must be a string, name must be a string
2022-02-19 05:01:16 info: [0mPOST /login [33m400[0m 2.022 ms - 60[0m
2022-02-19 05:02:39 info: =================================
2022-02-19 05:02:39 info: ======= ENV: development =======
2022-02-19 05:02:39 info: 🚀 App listening on the port 3009
2022-02-19 05:02:39 info: =================================
2022-02-19 05:03:07 error: [GET] /users/62101d07dce90a37cc6fb414 >> StatusCode:: 409, Message:: You're not user
2022-02-19 05:03:07 info: [0mGET /users/62101d07dce90a37cc6fb414 [33m409[0m 46.446 ms - 29[0m
2022-02-19 05:03:17 info: [0mGET /users/ [32m200[0m 42.347 ms - 617[0m
2022-02-19 05:03:53 info: [0mGET /users?id=621014c9fc225646bc210d95 [32m200[0m 41.623 ms - 617[0m
2022-02-19 05:04:05 error: [GET] /users/621014c9fc225646bc210d95 >> StatusCode:: 409, Message:: You're not user
2022-02-19 05:04:05 info: [0mGET /users/621014c9fc225646bc210d95 [33m409[0m 38.431 ms - 29[0m
2022-02-19 05:06:50 info: =================================
2022-02-19 05:06:50 info: ======= ENV: development =======
2022-02-19 05:06:50 info: 🚀 App listening on the port 3009
2022-02-19 05:06:50 info: =================================
2022-02-19 05:09:36 info: =================================
2022-02-19 05:09:36 info: ======= ENV: development =======
2022-02-19 05:09:36 info: 🚀 App listening on the port 3009
2022-02-19 05:09:36 info: =================================
2022-02-19 05:15:26 info: =================================
2022-02-19 05:15:26 info: ======= ENV: development =======
2022-02-19 05:15:26 info: 🚀 App listening on the port 3009
2022-02-19 05:15:26 info: =================================
2022-02-19 05:19:36 info: =================================
2022-02-19 05:19:36 info: ======= ENV: development =======
2022-02-19 05:19:36 info: 🚀 App listening on the port 3009
2022-02-19 05:19:36 info: =================================
2022-02-19 05:29:24 info: =================================
2022-02-19 05:29:24 info: ======= ENV: development =======
2022-02-19 05:29:24 info: 🚀 App listening on the port 3009
2022-02-19 05:29:24 info: =================================
2022-02-19 05:37:48 info: =================================
2022-02-19 05:37:48 info: ======= ENV: development =======
2022-02-19 05:37:48 info: 🚀 App listening on the port 3009
2022-02-19 05:37:48 info: =================================
2022-02-19 05:39:06 info: =================================
2022-02-19 05:39:06 info: ======= ENV: development =======
2022-02-19 05:39:06 info: 🚀 App listening on the port 3009
2022-02-19 05:39:06 info: =================================
2022-02-19 05:39:13 info: [0mGET / [36m304[0m 3.546 ms - -[0m
2022-02-19 05:39:13 info: [0mGET /favicon.ico [33m404[0m 1.659 ms - 150[0m
2022-02-19 05:39:48 info: =================================
2022-02-19 05:39:48 info: ======= ENV: development =======
2022-02-19 05:39:48 info: 🚀 App listening on the port 3009
2022-02-19 05:39:48 info: =================================
2022-02-19 10:12:06 info: =================================
2022-02-19 10:12:06 info: ======= ENV: development =======
2022-02-19 10:12:06 info: 🚀 App listening on the port 3009
2022-02-19 10:12:06 info: =================================
2022-02-19 10:14:17 info: =================================
2022-02-19 10:14:17 info: ======= ENV: development =======
2022-02-19 10:14:17 info: 🚀 App listening on the port 3009
2022-02-19 10:14:17 info: =================================
2022-02-19 10:22:34 info: =================================
2022-02-19 10:22:34 info: ======= ENV: development =======
2022-02-19 10:22:34 info: 🚀 App listening on the port 3009
2022-02-19 10:22:34 info: =================================
2022-02-19 10:24:14 info: =================================
2022-02-19 10:24:14 info: ======= ENV: development =======
2022-02-19 10:24:14 info: 🚀 App listening on the port 3009
2022-02-19 10:24:14 info: =================================
2022-02-19 10:30:02 info: =================================
2022-02-19 10:30:02 info: ======= ENV: development =======
2022-02-19 10:30:02 info: 🚀 App listening on the port 3009
2022-02-19 10:30:02 info: =================================
2022-02-19 10:31:35 info: =================================
2022-02-19 10:31:35 info: ======= ENV: development =======
2022-02-19 10:31:35 info: 🚀 App listening on the port 3009
2022-02-19 10:31:35 info: =================================
2022-02-19 10:32:01 info: =================================
2022-02-19 10:32:01 info: ======= ENV: development =======
2022-02-19 10:32:01 info: 🚀 App listening on the port 3009
2022-02-19 10:32:01 info: =================================
2022-02-19 10:32:15 info: [0mGET / [36m304[0m 4.935 ms - -[0m
2022-02-19 10:32:34 info: =================================
2022-02-19 10:32:34 info: ======= ENV: development =======
2022-02-19 10:32:34 info: 🚀 App listening on the port 3009
2022-02-19 10:32:34 info: =================================
2022-02-19 10:35:15 info: =================================
2022-02-19 10:35:15 info: ======= ENV: development =======
2022-02-19 10:35:15 info: 🚀 App listening on the port 3009
2022-02-19 10:35:15 info: =================================
2022-02-19 10:36:14 info: =================================
2022-02-19 10:36:14 info: ======= ENV: development =======
2022-02-19 10:36:14 info: 🚀 App listening on the port 3009
2022-02-19 10:36:14 info: =================================
2022-02-19 10:38:17 info: =================================
2022-02-19 10:38:17 info: ======= ENV: development =======
2022-02-19 10:38:17 info: 🚀 App listening on the port 3009
2022-02-19 10:38:17 info: =================================
2022-02-19 10:39:31 info: =================================
2022-02-19 10:39:31 info: ======= ENV: development =======
2022-02-19 10:39:31 info: 🚀 App listening on the port 3009
2022-02-19 10:39:31 info: =================================
2022-02-19 10:40:02 info: =================================
2022-02-19 10:40:02 info: ======= ENV: development =======
2022-02-19 10:40:02 info: 🚀 App listening on the port 3009
2022-02-19 10:40:02 info: =================================
2022-02-19 10:40:37 info: =================================
2022-02-19 10:40:37 info: ======= ENV: development =======
2022-02-19 10:40:37 info: 🚀 App listening on the port 3009
2022-02-19 10:40:37 info: =================================
2022-02-19 10:41:09 info: =================================
2022-02-19 10:41:09 info: ======= ENV: development =======
2022-02-19 10:41:09 info: 🚀 App listening on the port 3009
2022-02-19 10:41:09 info: =================================
2022-02-19 10:46:44 info: =================================
2022-02-19 10:46:44 info: ======= ENV: development =======
2022-02-19 10:46:44 info: 🚀 App listening on the port 3009
2022-02-19 10:46:44 info: =================================
2022-02-19 10:47:01 info: [0mGET / [36m304[0m 5.545 ms - -[0m
2022-02-19 10:47:11 info: =================================
2022-02-19 10:47:11 info: ======= ENV: development =======
2022-02-19 10:47:11 info: 🚀 App listening on the port 3009
2022-02-19 10:47:11 info: =================================
2022-02-19 10:47:11 info: [0mGET / [36m304[0m 2.690 ms - -[0m
2022-02-19 10:48:25 info: =================================
2022-02-19 10:48:25 info: ======= ENV: development =======
2022-02-19 10:48:25 info: 🚀 App listening on the port 3009
2022-02-19 10:48:25 info: =================================
2022-02-19 10:48:51 info: =================================
2022-02-19 10:48:51 info: ======= ENV: development =======
2022-02-19 10:48:51 info: 🚀 App listening on the port 3009
2022-02-19 10:48:51 info: =================================
2022-02-19 10:48:51 info: [0mGET / [32m200[0m 2.941 ms - 2[0m
2022-02-19 10:56:32 info: =================================
2022-02-19 10:56:32 info: ======= ENV: development =======
2022-02-19 10:56:32 info: 🚀 App listening on the port 3009
2022-02-19 10:56:32 info: =================================
